<?xml version="1.0" encoding="UTF-8"?>
<coverage generated="1516077578806" clover="3.2.0">
  <project timestamp="1516077578806" name="All files">
    <metrics statements="187" coveredstatements="132" conditionals="38" coveredconditionals="12" methods="40" coveredmethods="15" elements="265" coveredelements="159" complexity="0" loc="187" ncloc="187" packages="6" files="11" classes="11">
      <package name="backend">
        <metrics statements="36" coveredstatements="28" conditionals="4" coveredconditionals="0" methods="3" coveredmethods="1"/>
        <file name="app.js" path="/media/hary/Hacktiv8/REPOD/backend/app.js">
          <metrics statements="36" coveredstatements="28" conditionals="4" coveredconditionals="0" methods="3" coveredmethods="1"/>
          <line num="1" count="3" type="stmt"/>
          <line num="2" count="3" type="stmt"/>
          <line num="3" count="3" type="stmt"/>
          <line num="4" count="3" type="stmt"/>
          <line num="5" count="3" type="stmt"/>
          <line num="6" count="3" type="stmt"/>
          <line num="7" count="3" type="stmt"/>
          <line num="8" count="3" type="stmt"/>
          <line num="9" count="3" type="stmt"/>
          <line num="10" count="3" type="stmt"/>
          <line num="11" count="3" type="stmt"/>
          <line num="12" count="3" type="stmt"/>
          <line num="14" count="3" type="stmt"/>
          <line num="16" count="3" type="stmt"/>
          <line num="20" count="3" type="stmt"/>
          <line num="21" count="3" type="stmt"/>
          <line num="22" count="3" type="stmt"/>
          <line num="23" count="3" type="stmt"/>
          <line num="24" count="3" type="stmt"/>
          <line num="26" count="3" type="stmt"/>
          <line num="32" count="3" type="stmt"/>
          <line num="33" count="1" type="stmt"/>
          <line num="37" count="3" type="stmt"/>
          <line num="43" count="3" type="stmt"/>
          <line num="44" count="3" type="stmt"/>
          <line num="47" count="3" type="stmt"/>
          <line num="48" count="0" type="stmt"/>
          <line num="49" count="0" type="stmt"/>
          <line num="50" count="0" type="stmt"/>
          <line num="54" count="3" type="stmt"/>
          <line num="56" count="0" type="stmt"/>
          <line num="57" count="0" type="cond" truecount="0" falsecount="2"/>
          <line num="60" count="0" type="stmt"/>
          <line num="61" count="0" type="cond" truecount="0" falsecount="2"/>
          <line num="62" count="0" type="stmt"/>
          <line num="66" count="3" type="stmt"/>
        </file>
      </package>
      <package name="backend.controllers">
        <metrics statements="56" coveredstatements="54" conditionals="14" coveredconditionals="12" methods="15" coveredmethods="13"/>
        <file name="controlArticle.js" path="/media/hary/Hacktiv8/REPOD/backend/controllers/controlArticle.js">
          <metrics statements="11" coveredstatements="9" conditionals="0" coveredconditionals="0" methods="6" coveredmethods="4"/>
          <line num="1" count="3" type="stmt"/>
          <line num="3" count="3" type="stmt"/>
          <line num="5" count="3" type="stmt"/>
          <line num="6" count="1" type="stmt"/>
          <line num="9" count="1" type="stmt"/>
          <line num="11" count="0" type="stmt"/>
          <line num="15" count="3" type="stmt"/>
          <line num="16" count="2" type="stmt"/>
          <line num="21" count="2" type="stmt"/>
          <line num="23" count="0" type="stmt"/>
          <line num="27" count="3" type="stmt"/>
        </file>
        <file name="controlCategory.js" path="/media/hary/Hacktiv8/REPOD/backend/controllers/controlCategory.js">
          <metrics statements="45" coveredstatements="45" conditionals="14" coveredconditionals="12" methods="9" coveredmethods="9"/>
          <line num="1" count="3" type="stmt"/>
          <line num="2" count="3" type="stmt"/>
          <line num="4" count="3" type="stmt"/>
          <line num="5" count="2" type="stmt"/>
          <line num="6" count="2" type="cond" truecount="3" falsecount="1"/>
          <line num="7" count="2" type="stmt"/>
          <line num="8" count="2" type="stmt"/>
          <line num="9" count="2" type="stmt"/>
          <line num="10" count="104" type="stmt"/>
          <line num="11" count="104" type="stmt"/>
          <line num="12" count="104" type="stmt"/>
          <line num="16" count="104" type="stmt"/>
          <line num="18" count="2" type="stmt"/>
          <line num="23" count="3" type="stmt"/>
          <line num="24" count="3" type="stmt"/>
          <line num="25" count="3" type="stmt"/>
          <line num="26" count="3" type="cond" truecount="3" falsecount="1"/>
          <line num="27" count="3" type="stmt"/>
          <line num="28" count="3" type="stmt"/>
          <line num="29" count="3" type="stmt"/>
          <line num="30" count="75" type="stmt"/>
          <line num="31" count="75" type="stmt"/>
          <line num="32" count="75" type="stmt"/>
          <line num="33" count="75" type="stmt"/>
          <line num="34" count="75" type="stmt"/>
          <line num="35" count="75" type="stmt"/>
          <line num="36" count="75" type="stmt"/>
          <line num="37" count="75" type="stmt"/>
          <line num="43" count="75" type="stmt"/>
          <line num="45" count="3" type="stmt"/>
          <line num="46" count="81" type="stmt"/>
          <line num="47" count="81" type="cond" truecount="2" falsecount="0"/>
          <line num="48" count="75" type="stmt"/>
          <line num="51" count="3" type="stmt"/>
          <line num="52" count="81" type="stmt"/>
          <line num="53" count="81" type="stmt"/>
          <line num="54" count="81" type="stmt"/>
          <line num="55" count="81" type="cond" truecount="2" falsecount="0"/>
          <line num="56" count="75" type="stmt"/>
          <line num="59" count="3" type="stmt"/>
          <line num="60" count="81" type="stmt"/>
          <line num="61" count="81" type="cond" truecount="2" falsecount="0"/>
          <line num="62" count="75" type="stmt"/>
          <line num="65" count="3" type="stmt"/>
          <line num="70" count="3" type="stmt"/>
        </file>
      </package>
      <package name="backend.graphql">
        <metrics statements="44" coveredstatements="21" conditionals="14" coveredconditionals="0" methods="9" coveredmethods="1"/>
        <file name="article.js" path="/media/hary/Hacktiv8/REPOD/backend/graphql/article.js">
          <metrics statements="4" coveredstatements="4" conditionals="0" coveredconditionals="0" methods="0" coveredmethods="0"/>
          <line num="7" count="3" type="stmt"/>
          <line num="9" count="3" type="stmt"/>
          <line num="23" count="3" type="stmt"/>
          <line num="36" count="3" type="stmt"/>
        </file>
        <file name="index.js" path="/media/hary/Hacktiv8/REPOD/backend/graphql/index.js">
          <metrics statements="35" coveredstatements="12" conditionals="14" coveredconditionals="0" methods="9" coveredmethods="1"/>
          <line num="1" count="3" type="stmt"/>
          <line num="2" count="3" type="stmt"/>
          <line num="4" count="3" type="stmt"/>
          <line num="5" count="3" type="stmt"/>
          <line num="6" count="3" type="stmt"/>
          <line num="7" count="3" type="stmt"/>
          <line num="8" count="3" type="stmt"/>
          <line num="9" count="3" type="stmt"/>
          <line num="11" count="3" type="stmt"/>
          <line num="12" count="3" type="stmt"/>
          <line num="18" count="0" type="stmt"/>
          <line num="30" count="0" type="stmt"/>
          <line num="38" count="0" type="stmt"/>
          <line num="44" count="3" type="stmt"/>
          <line num="56" count="0" type="stmt"/>
          <line num="57" count="0" type="stmt"/>
          <line num="60" count="0" type="cond" truecount="0" falsecount="2"/>
          <line num="61" count="0" type="stmt"/>
          <line num="63" count="0" type="stmt"/>
          <line num="77" count="0" type="stmt"/>
          <line num="78" count="0" type="stmt"/>
          <line num="79" count="0" type="stmt"/>
          <line num="88" count="0" type="stmt"/>
          <line num="89" count="0" type="stmt"/>
          <line num="91" count="0" type="cond" truecount="0" falsecount="2"/>
          <line num="92" count="0" type="stmt"/>
          <line num="99" count="0" type="stmt"/>
          <line num="111" count="0" type="stmt"/>
          <line num="112" count="0" type="stmt"/>
          <line num="115" count="0" type="stmt"/>
          <line num="118" count="0" type="stmt"/>
          <line num="130" count="0" type="stmt"/>
          <line num="131" count="0" type="stmt"/>
          <line num="132" count="0" type="stmt"/>
          <line num="138" count="3" type="stmt"/>
        </file>
        <file name="user.js" path="/media/hary/Hacktiv8/REPOD/backend/graphql/user.js">
          <metrics statements="5" coveredstatements="5" conditionals="0" coveredconditionals="0" methods="0" coveredmethods="0"/>
          <line num="7" count="3" type="stmt"/>
          <line num="9" count="3" type="stmt"/>
          <line num="23" count="3" type="stmt"/>
          <line num="33" count="3" type="stmt"/>
          <line num="48" count="3" type="stmt"/>
        </file>
      </package>
      <package name="backend.helpers">
        <metrics statements="26" coveredstatements="5" conditionals="6" coveredconditionals="0" methods="12" coveredmethods="0"/>
        <file name="scrapping.js" path="/media/hary/Hacktiv8/REPOD/backend/helpers/scrapping.js">
          <metrics statements="26" coveredstatements="5" conditionals="6" coveredconditionals="0" methods="12" coveredmethods="0"/>
          <line num="1" count="3" type="stmt"/>
          <line num="3" count="3" type="stmt"/>
          <line num="4" count="3" type="stmt"/>
          <line num="6" count="3" type="stmt"/>
          <line num="8" count="0" type="stmt"/>
          <line num="9" count="0" type="stmt"/>
          <line num="10" count="0" type="stmt"/>
          <line num="11" count="0" type="stmt"/>
          <line num="12" count="0" type="stmt"/>
          <line num="13" count="0" type="stmt"/>
          <line num="16" count="0" type="stmt"/>
          <line num="17" count="0" type="stmt"/>
          <line num="18" count="0" type="stmt"/>
          <line num="19" count="0" type="stmt"/>
          <line num="20" count="0" type="cond" truecount="0" falsecount="2"/>
          <line num="21" count="0" type="cond" truecount="0" falsecount="2"/>
          <line num="22" count="0" type="stmt"/>
          <line num="23" count="0" type="stmt"/>
          <line num="27" count="0" type="cond" truecount="0" falsecount="2"/>
          <line num="28" count="0" type="stmt"/>
          <line num="34" count="0" type="stmt"/>
          <line num="35" count="0" type="stmt"/>
          <line num="37" count="0" type="stmt"/>
          <line num="41" count="0" type="stmt"/>
          <line num="49" count="0" type="stmt"/>
          <line num="54" count="3" type="stmt"/>
        </file>
      </package>
      <package name="backend.models">
        <metrics statements="15" coveredstatements="15" conditionals="0" coveredconditionals="0" methods="0" coveredmethods="0"/>
        <file name="articleModel.js" path="/media/hary/Hacktiv8/REPOD/backend/models/articleModel.js">
          <metrics statements="5" coveredstatements="5" conditionals="0" coveredconditionals="0" methods="0" coveredmethods="0"/>
          <line num="1" count="3" type="stmt"/>
          <line num="2" count="3" type="stmt"/>
          <line num="4" count="3" type="stmt"/>
          <line num="13" count="3" type="stmt"/>
          <line num="15" count="3" type="stmt"/>
        </file>
        <file name="conjuctionModel.js" path="/media/hary/Hacktiv8/REPOD/backend/models/conjuctionModel.js">
          <metrics statements="5" coveredstatements="5" conditionals="0" coveredconditionals="0" methods="0" coveredmethods="0"/>
          <line num="1" count="3" type="stmt"/>
          <line num="2" count="3" type="stmt"/>
          <line num="4" count="3" type="stmt"/>
          <line num="17" count="3" type="stmt"/>
          <line num="19" count="3" type="stmt"/>
        </file>
        <file name="userModel.js" path="/media/hary/Hacktiv8/REPOD/backend/models/userModel.js">
          <metrics statements="5" coveredstatements="5" conditionals="0" coveredconditionals="0" methods="0" coveredmethods="0"/>
          <line num="1" count="3" type="stmt"/>
          <line num="2" count="3" type="stmt"/>
          <line num="4" count="3" type="stmt"/>
          <line num="21" count="3" type="stmt"/>
          <line num="23" count="3" type="stmt"/>
        </file>
      </package>
      <package name="backend.routes">
        <metrics statements="10" coveredstatements="9" conditionals="0" coveredconditionals="0" methods="1" coveredmethods="0"/>
        <file name="index.js" path="/media/hary/Hacktiv8/REPOD/backend/routes/index.js">
          <metrics statements="10" coveredstatements="9" conditionals="0" coveredconditionals="0" methods="1" coveredmethods="0"/>
          <line num="1" count="3" type="stmt"/>
          <line num="3" count="3" type="stmt"/>
          <line num="4" count="3" type="stmt"/>
          <line num="6" count="3" type="stmt"/>
          <line num="7" count="0" type="stmt"/>
          <line num="11" count="3" type="stmt"/>
          <line num="14" count="3" type="stmt"/>
          <line num="17" count="3" type="stmt"/>
          <line num="20" count="3" type="stmt"/>
          <line num="22" count="3" type="stmt"/>
        </file>
      </package>
    </metrics>
  </project>
</coverage>
