{"/media/hary/Hacktiv8/REPOD/backend/app.js": {"path":"/media/hary/Hacktiv8/REPOD/backend/app.js","statementMap":{"0":{"start":{"line":1,"column":12},"end":{"line":1,"column":32}},"1":{"start":{"line":2,"column":6},"end":{"line":2,"column":39}},"2":{"start":{"line":3,"column":6},"end":{"line":3,"column":41}},"3":{"start":{"line":4,"column":6},"end":{"line":4,"column":46}},"4":{"start":{"line":5,"column":6},"end":{"line":5,"column":53}},"5":{"start":{"line":6,"column":6},"end":{"line":6,"column":49}},"6":{"start":{"line":7,"column":6},"end":{"line":7,"column":43}},"7":{"start":{"line":8,"column":6},"end":{"line":8,"column":50}},"8":{"start":{"line":9,"column":6},"end":{"line":9,"column":58}},"9":{"start":{"line":10,"column":6},"end":{"line":10,"column":39}},"10":{"start":{"line":11,"column":24},"end":{"line":11,"column":46}},"11":{"start":{"line":12,"column":24},"end":{"line":12,"column":42}},"12":{"start":{"line":14,"column":26},"end":{"line":14,"column":54}},"13":{"start":{"line":16,"column":0},"end":{"line":18,"column":3}},"14":{"start":{"line":20,"column":0},"end":{"line":20,"column":23}},"15":{"start":{"line":21,"column":0},"end":{"line":21,"column":27}},"16":{"start":{"line":22,"column":0},"end":{"line":22,"column":50}},"17":{"start":{"line":23,"column":0},"end":{"line":23,"column":16}},"18":{"start":{"line":24,"column":0},"end":{"line":24,"column":16}},"19":{"start":{"line":26,"column":18},"end":{"line":29,"column":2}},"20":{"start":{"line":32,"column":0},"end":{"line":34,"column":3}},"21":{"start":{"line":33,"column":2},"end":{"line":33,"column":27}},"22":{"start":{"line":37,"column":0},"end":{"line":40,"column":4}},"23":{"start":{"line":43,"column":12},"end":{"line":43,"column":31}},"24":{"start":{"line":44,"column":0},"end":{"line":44,"column":20}},"25":{"start":{"line":47,"column":0},"end":{"line":51,"column":3}},"26":{"start":{"line":48,"column":12},"end":{"line":48,"column":34}},"27":{"start":{"line":49,"column":2},"end":{"line":49,"column":18}},"28":{"start":{"line":50,"column":2},"end":{"line":50,"column":11}},"29":{"start":{"line":54,"column":0},"end":{"line":63,"column":2}},"30":{"start":{"line":56,"column":2},"end":{"line":56,"column":34}},"31":{"start":{"line":57,"column":2},"end":{"line":57,"column":68}},"32":{"start":{"line":60,"column":2},"end":{"line":60,"column":19}},"33":{"start":{"line":61,"column":2},"end":{"line":61,"column":31}},"34":{"start":{"line":62,"column":2},"end":{"line":62,"column":15}},"35":{"start":{"line":66,"column":0},"end":{"line":66,"column":20}}},"fnMap":{"0":{"name":"(anonymous_0)","decl":{"start":{"line":32,"column":12},"end":{"line":32,"column":13}},"loc":{"start":{"line":32,"column":25},"end":{"line":34,"column":1}},"line":32},"1":{"name":"(anonymous_1)","decl":{"start":{"line":47,"column":8},"end":{"line":47,"column":9}},"loc":{"start":{"line":47,"column":33},"end":{"line":51,"column":1}},"line":47},"2":{"name":"(anonymous_2)","decl":{"start":{"line":54,"column":8},"end":{"line":54,"column":9}},"loc":{"start":{"line":54,"column":38},"end":{"line":63,"column":1}},"line":54}},"branchMap":{"0":{"loc":{"start":{"line":57,"column":21},"end":{"line":57,"column":68}},"type":"cond-expr","locations":[{"start":{"line":57,"column":60},"end":{"line":57,"column":63}},{"start":{"line":57,"column":66},"end":{"line":57,"column":68}}],"line":57},"1":{"loc":{"start":{"line":61,"column":13},"end":{"line":61,"column":30}},"type":"binary-expr","locations":[{"start":{"line":61,"column":13},"end":{"line":61,"column":23}},{"start":{"line":61,"column":27},"end":{"line":61,"column":30}}],"line":61}},"s":{"0":3,"1":3,"2":3,"3":3,"4":3,"5":3,"6":3,"7":3,"8":3,"9":3,"10":3,"11":3,"12":3,"13":3,"14":3,"15":3,"16":3,"17":3,"18":3,"19":3,"20":3,"21":1,"22":3,"23":3,"24":3,"25":3,"26":0,"27":0,"28":0,"29":3,"30":0,"31":0,"32":0,"33":0,"34":0,"35":3},"f":{"0":1,"1":0,"2":0},"b":{"0":[0,0],"1":[0,0]},"_coverageSchema":"332fd63041d2c1bcb487cc26dd0d5f7d97098a6c","hash":"94d719eb3d2ee679ec753717183f01673104e49f"}
,"/media/hary/Hacktiv8/REPOD/backend/controllers/controlArticle.js": {"path":"/media/hary/Hacktiv8/REPOD/backend/controllers/controlArticle.js","statementMap":{"0":{"start":{"line":1,"column":17},"end":{"line":1,"column":51}},"1":{"start":{"line":3,"column":19},"end":{"line":3,"column":55}},"2":{"start":{"line":5,"column":22},"end":{"line":13,"column":1}},"3":{"start":{"line":6,"column":2},"end":{"line":12,"column":5}},"4":{"start":{"line":9,"column":4},"end":{"line":9,"column":23}},"5":{"start":{"line":11,"column":4},"end":{"line":11,"column":21}},"6":{"start":{"line":15,"column":25},"end":{"line":25,"column":1}},"7":{"start":{"line":16,"column":2},"end":{"line":24,"column":5}},"8":{"start":{"line":21,"column":4},"end":{"line":21,"column":23}},"9":{"start":{"line":23,"column":4},"end":{"line":23,"column":21}},"10":{"start":{"line":27,"column":0},"end":{"line":30,"column":2}}},"fnMap":{"0":{"name":"(anonymous_0)","decl":{"start":{"line":5,"column":22},"end":{"line":5,"column":23}},"loc":{"start":{"line":5,"column":35},"end":{"line":13,"column":1}},"line":5},"1":{"name":"(anonymous_1)","decl":{"start":{"line":8,"column":29},"end":{"line":8,"column":30}},"loc":{"start":{"line":8,"column":41},"end":{"line":10,"column":3}},"line":8},"2":{"name":"(anonymous_2)","decl":{"start":{"line":10,"column":11},"end":{"line":10,"column":12}},"loc":{"start":{"line":10,"column":18},"end":{"line":12,"column":3}},"line":10},"3":{"name":"(anonymous_3)","decl":{"start":{"line":15,"column":25},"end":{"line":15,"column":26}},"loc":{"start":{"line":15,"column":38},"end":{"line":25,"column":1}},"line":15},"4":{"name":"(anonymous_4)","decl":{"start":{"line":20,"column":10},"end":{"line":20,"column":11}},"loc":{"start":{"line":20,"column":22},"end":{"line":22,"column":3}},"line":20},"5":{"name":"(anonymous_5)","decl":{"start":{"line":22,"column":11},"end":{"line":22,"column":12}},"loc":{"start":{"line":22,"column":18},"end":{"line":24,"column":3}},"line":22}},"branchMap":{},"s":{"0":3,"1":3,"2":3,"3":0,"4":0,"5":0,"6":3,"7":0,"8":0,"9":0,"10":3},"f":{"0":0,"1":0,"2":0,"3":0,"4":0,"5":0},"b":{},"_coverageSchema":"332fd63041d2c1bcb487cc26dd0d5f7d97098a6c","hash":"60a839c523ad0d4e5d8f6267362660e8cdd16e56"}
,"/media/hary/Hacktiv8/REPOD/backend/controllers/controlCategory.js": {"path":"/media/hary/Hacktiv8/REPOD/backend/controllers/controlCategory.js","statementMap":{"0":{"start":{"line":1,"column":16},"end":{"line":1,"column":34}},"1":{"start":{"line":2,"column":16},"end":{"line":2,"column":34}},"2":{"start":{"line":4,"column":20},"end":{"line":21,"column":1}},"3":{"start":{"line":5,"column":2},"end":{"line":20,"column":5}},"4":{"start":{"line":6,"column":4},"end":{"line":19,"column":5}},"5":{"start":{"line":7,"column":16},"end":{"line":7,"column":34}},"6":{"start":{"line":8,"column":24},"end":{"line":8,"column":26}},"7":{"start":{"line":9,"column":6},"end":{"line":17,"column":9}},"8":{"start":{"line":10,"column":26},"end":{"line":10,"column":46}},"9":{"start":{"line":11,"column":27},"end":{"line":11,"column":51}},"10":{"start":{"line":12,"column":23},"end":{"line":15,"column":9}},"11":{"start":{"line":16,"column":8},"end":{"line":16,"column":35}},"12":{"start":{"line":18,"column":6},"end":{"line":18,"column":28}},"13":{"start":{"line":23,"column":19},"end":{"line":68,"column":1}},"14":{"start":{"line":24,"column":2},"end":{"line":67,"column":5}},"15":{"start":{"line":25,"column":20},"end":{"line":25,"column":22}},"16":{"start":{"line":26,"column":4},"end":{"line":66,"column":5}},"17":{"start":{"line":27,"column":19},"end":{"line":27,"column":21}},"18":{"start":{"line":28,"column":16},"end":{"line":28,"column":34}},"19":{"start":{"line":29,"column":6},"end":{"line":44,"column":9}},"20":{"start":{"line":30,"column":19},"end":{"line":30,"column":40}},"21":{"start":{"line":31,"column":20},"end":{"line":31,"column":55}},"22":{"start":{"line":32,"column":20},"end":{"line":32,"column":45}},"23":{"start":{"line":33,"column":21},"end":{"line":33,"column":86}},"24":{"start":{"line":34,"column":18},"end":{"line":34,"column":38}},"25":{"start":{"line":35,"column":20},"end":{"line":35,"column":49}},"26":{"start":{"line":36,"column":21},"end":{"line":36,"column":27}},"27":{"start":{"line":37,"column":23},"end":{"line":42,"column":9}},"28":{"start":{"line":43,"column":8},"end":{"line":43,"column":33}},"29":{"start":{"line":45,"column":6},"end":{"line":50,"column":9}},"30":{"start":{"line":46,"column":26},"end":{"line":46,"column":75}},"31":{"start":{"line":47,"column":8},"end":{"line":49,"column":9}},"32":{"start":{"line":48,"column":10},"end":{"line":48,"column":51}},"33":{"start":{"line":51,"column":6},"end":{"line":58,"column":9}},"34":{"start":{"line":52,"column":20},"end":{"line":52,"column":99}},"35":{"start":{"line":53,"column":20},"end":{"line":53,"column":44}},"36":{"start":{"line":54,"column":21},"end":{"line":54,"column":34}},"37":{"start":{"line":55,"column":8},"end":{"line":57,"column":9}},"38":{"start":{"line":56,"column":10},"end":{"line":56,"column":40}},"39":{"start":{"line":59,"column":6},"end":{"line":64,"column":9}},"40":{"start":{"line":60,"column":21},"end":{"line":60,"column":66}},"41":{"start":{"line":61,"column":8},"end":{"line":63,"column":9}},"42":{"start":{"line":62,"column":10},"end":{"line":62,"column":41}},"43":{"start":{"line":65,"column":6},"end":{"line":65,"column":26}},"44":{"start":{"line":70,"column":0},"end":{"line":73,"column":2}}},"fnMap":{"0":{"name":"(anonymous_0)","decl":{"start":{"line":4,"column":20},"end":{"line":4,"column":21}},"loc":{"start":{"line":4,"column":33},"end":{"line":21,"column":1}},"line":4},"1":{"name":"(anonymous_1)","decl":{"start":{"line":5,"column":38},"end":{"line":5,"column":39}},"loc":{"start":{"line":5,"column":63},"end":{"line":20,"column":3}},"line":5},"2":{"name":"(anonymous_2)","decl":{"start":{"line":9,"column":95},"end":{"line":9,"column":96}},"loc":{"start":{"line":9,"column":111},"end":{"line":17,"column":7}},"line":9},"3":{"name":"(anonymous_3)","decl":{"start":{"line":23,"column":19},"end":{"line":23,"column":20}},"loc":{"start":{"line":23,"column":32},"end":{"line":68,"column":1}},"line":23},"4":{"name":"(anonymous_4)","decl":{"start":{"line":24,"column":48},"end":{"line":24,"column":49}},"loc":{"start":{"line":24,"column":75},"end":{"line":67,"column":3}},"line":24},"5":{"name":"(anonymous_5)","decl":{"start":{"line":29,"column":75},"end":{"line":29,"column":76}},"loc":{"start":{"line":29,"column":91},"end":{"line":44,"column":7}},"line":29},"6":{"name":"(anonymous_6)","decl":{"start":{"line":45,"column":41},"end":{"line":45,"column":42}},"loc":{"start":{"line":45,"column":57},"end":{"line":50,"column":7}},"line":45},"7":{"name":"(anonymous_7)","decl":{"start":{"line":51,"column":46},"end":{"line":51,"column":47}},"loc":{"start":{"line":51,"column":66},"end":{"line":58,"column":7}},"line":51},"8":{"name":"(anonymous_8)","decl":{"start":{"line":59,"column":91},"end":{"line":59,"column":92}},"loc":{"start":{"line":59,"column":107},"end":{"line":64,"column":7}},"line":59}},"branchMap":{"0":{"loc":{"start":{"line":6,"column":4},"end":{"line":19,"column":5}},"type":"if","locations":[{"start":{"line":6,"column":4},"end":{"line":19,"column":5}},{"start":{"line":6,"column":4},"end":{"line":19,"column":5}}],"line":6},"1":{"loc":{"start":{"line":6,"column":7},"end":{"line":6,"column":43}},"type":"binary-expr","locations":[{"start":{"line":6,"column":7},"end":{"line":6,"column":13}},{"start":{"line":6,"column":17},"end":{"line":6,"column":43}}],"line":6},"2":{"loc":{"start":{"line":26,"column":4},"end":{"line":66,"column":5}},"type":"if","locations":[{"start":{"line":26,"column":4},"end":{"line":66,"column":5}},{"start":{"line":26,"column":4},"end":{"line":66,"column":5}}],"line":26},"3":{"loc":{"start":{"line":26,"column":7},"end":{"line":26,"column":43}},"type":"binary-expr","locations":[{"start":{"line":26,"column":7},"end":{"line":26,"column":13}},{"start":{"line":26,"column":17},"end":{"line":26,"column":43}}],"line":26},"4":{"loc":{"start":{"line":47,"column":8},"end":{"line":49,"column":9}},"type":"if","locations":[{"start":{"line":47,"column":8},"end":{"line":49,"column":9}},{"start":{"line":47,"column":8},"end":{"line":49,"column":9}}],"line":47},"5":{"loc":{"start":{"line":55,"column":8},"end":{"line":57,"column":9}},"type":"if","locations":[{"start":{"line":55,"column":8},"end":{"line":57,"column":9}},{"start":{"line":55,"column":8},"end":{"line":57,"column":9}}],"line":55},"6":{"loc":{"start":{"line":61,"column":8},"end":{"line":63,"column":9}},"type":"if","locations":[{"start":{"line":61,"column":8},"end":{"line":63,"column":9}},{"start":{"line":61,"column":8},"end":{"line":63,"column":9}}],"line":61}},"s":{"0":3,"1":3,"2":3,"3":1,"4":1,"5":1,"6":1,"7":1,"8":52,"9":52,"10":52,"11":52,"12":1,"13":3,"14":2,"15":2,"16":2,"17":2,"18":2,"19":2,"20":50,"21":50,"22":50,"23":50,"24":50,"25":50,"26":50,"27":50,"28":50,"29":2,"30":54,"31":54,"32":50,"33":2,"34":54,"35":54,"36":54,"37":54,"38":50,"39":2,"40":54,"41":54,"42":50,"43":2,"44":3},"f":{"0":1,"1":1,"2":52,"3":2,"4":2,"5":50,"6":54,"7":54,"8":54},"b":{"0":[1,0],"1":[1,1],"2":[2,0],"3":[2,2],"4":[50,4],"5":[50,4],"6":[50,4]},"_coverageSchema":"332fd63041d2c1bcb487cc26dd0d5f7d97098a6c","hash":"bdd8c10bfa80565d9356a65750f9975e377be9dd"}
,"/media/hary/Hacktiv8/REPOD/backend/graphql/article.js": {"path":"/media/hary/Hacktiv8/REPOD/backend/graphql/article.js","statementMap":{"0":{"start":{"line":7,"column":4},"end":{"line":7,"column":22}},"1":{"start":{"line":9,"column":20},"end":{"line":20,"column":2}},"2":{"start":{"line":23,"column":25},"end":{"line":34,"column":2}},"3":{"start":{"line":36,"column":0},"end":{"line":39,"column":2}}},"fnMap":{},"branchMap":{},"s":{"0":3,"1":3,"2":3,"3":3},"f":{},"b":{},"_coverageSchema":"332fd63041d2c1bcb487cc26dd0d5f7d97098a6c","hash":"ea503099ecfc9ddbacb8886eef366972a9b97fb2"}
,"/media/hary/Hacktiv8/REPOD/backend/graphql/index.js": {"path":"/media/hary/Hacktiv8/REPOD/backend/graphql/index.js","statementMap":{"0":{"start":{"line":1,"column":56},"end":{"line":1,"column":74}},"1":{"start":{"line":2,"column":17},"end":{"line":2,"column":51}},"2":{"start":{"line":4,"column":13},"end":{"line":4,"column":43}},"3":{"start":{"line":5,"column":16},"end":{"line":5,"column":49}},"4":{"start":{"line":6,"column":19},"end":{"line":6,"column":55}},"5":{"start":{"line":7,"column":49},"end":{"line":7,"column":66}},"6":{"start":{"line":8,"column":40},"end":{"line":8,"column":60}},"7":{"start":{"line":9,"column":27},"end":{"line":9,"column":58}},"8":{"start":{"line":11,"column":0},"end":{"line":142,"column":2}},"9":{"start":{"line":12,"column":16},"end":{"line":42,"column":4}},"10":{"start":{"line":18,"column":10},"end":{"line":18,"column":35}},"11":{"start":{"line":30,"column":10},"end":{"line":32,"column":13}},"12":{"start":{"line":38,"column":10},"end":{"line":38,"column":38}},"13":{"start":{"line":44,"column":19},"end":{"line":136,"column":4}},"14":{"start":{"line":56,"column":26},"end":{"line":56,"column":30}},"15":{"start":{"line":57,"column":28},"end":{"line":59,"column":12}},"16":{"start":{"line":60,"column":10},"end":{"line":62,"column":11}},"17":{"start":{"line":61,"column":12},"end":{"line":61,"column":37}},"18":{"start":{"line":63,"column":10},"end":{"line":65,"column":13}},"19":{"start":{"line":77,"column":26},"end":{"line":77,"column":30}},"20":{"start":{"line":78,"column":23},"end":{"line":78,"column":70}},"21":{"start":{"line":79,"column":25},"end":{"line":87,"column":12}},"22":{"start":{"line":88,"column":26},"end":{"line":90,"column":12}},"23":{"start":{"line":89,"column":12},"end":{"line":89,"column":58}},"24":{"start":{"line":91,"column":10},"end":{"line":98,"column":11}},"25":{"start":{"line":92,"column":12},"end":{"line":97,"column":22}},"26":{"start":{"line":99,"column":10},"end":{"line":99,"column":24}},"27":{"start":{"line":111,"column":26},"end":{"line":111,"column":30}},"28":{"start":{"line":112,"column":10},"end":{"line":114,"column":13}},"29":{"start":{"line":115,"column":25},"end":{"line":117,"column":12}},"30":{"start":{"line":118,"column":10},"end":{"line":118,"column":31}},"31":{"start":{"line":130,"column":26},"end":{"line":130,"column":30}},"32":{"start":{"line":131,"column":10},"end":{"line":131,"column":38}},"33":{"start":{"line":132,"column":10},"end":{"line":132,"column":37}},"34":{"start":{"line":138,"column":2},"end":{"line":141,"column":3}}},"fnMap":{"0":{"name":"(anonymous_0)","decl":{"start":{"line":11,"column":17},"end":{"line":11,"column":18}},"loc":{"start":{"line":11,"column":29},"end":{"line":142,"column":1}},"line":11},"1":{"name":"(anonymous_1)","decl":{"start":{"line":17,"column":18},"end":{"line":17,"column":19}},"loc":{"start":{"line":17,"column":30},"end":{"line":19,"column":9}},"line":17},"2":{"name":"(anonymous_2)","decl":{"start":{"line":29,"column":18},"end":{"line":29,"column":19}},"loc":{"start":{"line":29,"column":39},"end":{"line":33,"column":9}},"line":29},"3":{"name":"(anonymous_3)","decl":{"start":{"line":37,"column":18},"end":{"line":37,"column":19}},"loc":{"start":{"line":37,"column":30},"end":{"line":39,"column":9}},"line":37},"4":{"name":"(anonymous_4)","decl":{"start":{"line":55,"column":17},"end":{"line":55,"column":18}},"loc":{"start":{"line":55,"column":38},"end":{"line":66,"column":9}},"line":55},"5":{"name":"(anonymous_5)","decl":{"start":{"line":76,"column":18},"end":{"line":76,"column":19}},"loc":{"start":{"line":76,"column":39},"end":{"line":100,"column":9}},"line":76},"6":{"name":"(anonymous_6)","decl":{"start":{"line":88,"column":50},"end":{"line":88,"column":51}},"loc":{"start":{"line":88,"column":59},"end":{"line":90,"column":11}},"line":88},"7":{"name":"(anonymous_7)","decl":{"start":{"line":110,"column":18},"end":{"line":110,"column":19}},"loc":{"start":{"line":110,"column":39},"end":{"line":119,"column":9}},"line":110},"8":{"name":"(anonymous_8)","decl":{"start":{"line":129,"column":18},"end":{"line":129,"column":19}},"loc":{"start":{"line":129,"column":39},"end":{"line":133,"column":9}},"line":129}},"branchMap":{"0":{"loc":{"start":{"line":60,"column":10},"end":{"line":62,"column":11}},"type":"if","locations":[{"start":{"line":60,"column":10},"end":{"line":62,"column":11}},{"start":{"line":60,"column":10},"end":{"line":62,"column":11}}],"line":60},"1":{"loc":{"start":{"line":82,"column":18},"end":{"line":82,"column":53}},"type":"cond-expr","locations":[{"start":{"line":82,"column":31},"end":{"line":82,"column":41}},{"start":{"line":82,"column":44},"end":{"line":82,"column":53}}],"line":82},"2":{"loc":{"start":{"line":83,"column":19},"end":{"line":83,"column":57}},"type":"cond-expr","locations":[{"start":{"line":83,"column":33},"end":{"line":83,"column":44}},{"start":{"line":83,"column":47},"end":{"line":83,"column":57}}],"line":83},"3":{"loc":{"start":{"line":84,"column":19},"end":{"line":84,"column":57}},"type":"cond-expr","locations":[{"start":{"line":84,"column":33},"end":{"line":84,"column":44}},{"start":{"line":84,"column":47},"end":{"line":84,"column":57}}],"line":84},"4":{"loc":{"start":{"line":85,"column":21},"end":{"line":85,"column":65}},"type":"cond-expr","locations":[{"start":{"line":85,"column":37},"end":{"line":85,"column":50}},{"start":{"line":85,"column":53},"end":{"line":85,"column":65}}],"line":85},"5":{"loc":{"start":{"line":86,"column":25},"end":{"line":86,"column":81}},"type":"cond-expr","locations":[{"start":{"line":86,"column":45},"end":{"line":86,"column":62}},{"start":{"line":86,"column":65},"end":{"line":86,"column":81}}],"line":86},"6":{"loc":{"start":{"line":91,"column":10},"end":{"line":98,"column":11}},"type":"if","locations":[{"start":{"line":91,"column":10},"end":{"line":98,"column":11}},{"start":{"line":91,"column":10},"end":{"line":98,"column":11}}],"line":91}},"s":{"0":3,"1":3,"2":3,"3":3,"4":3,"5":3,"6":3,"7":3,"8":3,"9":3,"10":0,"11":0,"12":0,"13":3,"14":0,"15":0,"16":0,"17":0,"18":0,"19":0,"20":0,"21":0,"22":0,"23":0,"24":0,"25":0,"26":0,"27":0,"28":0,"29":0,"30":0,"31":0,"32":0,"33":0,"34":3},"f":{"0":3,"1":0,"2":0,"3":0,"4":0,"5":0,"6":0,"7":0,"8":0},"b":{"0":[0,0],"1":[0,0],"2":[0,0],"3":[0,0],"4":[0,0],"5":[0,0],"6":[0,0]},"_coverageSchema":"332fd63041d2c1bcb487cc26dd0d5f7d97098a6c","hash":"ec5d7a499cb61d7251e001ae66cd23431bc670e2"}
,"/media/hary/Hacktiv8/REPOD/backend/graphql/user.js": {"path":"/media/hary/Hacktiv8/REPOD/backend/graphql/user.js","statementMap":{"0":{"start":{"line":7,"column":4},"end":{"line":7,"column":22}},"1":{"start":{"line":9,"column":17},"end":{"line":21,"column":2}},"2":{"start":{"line":23,"column":22},"end":{"line":30,"column":2}},"3":{"start":{"line":33,"column":22},"end":{"line":46,"column":2}},"4":{"start":{"line":48,"column":0},"end":{"line":52,"column":2}}},"fnMap":{},"branchMap":{},"s":{"0":3,"1":3,"2":3,"3":3,"4":3},"f":{},"b":{},"_coverageSchema":"332fd63041d2c1bcb487cc26dd0d5f7d97098a6c","hash":"68ed2be2786c73f529ef603f288b0d07df4171b3"}
,"/media/hary/Hacktiv8/REPOD/backend/helpers/scrapping.js": {"path":"/media/hary/Hacktiv8/REPOD/backend/helpers/scrapping.js","statementMap":{"0":{"start":{"line":1,"column":17},"end":{"line":1,"column":51}},"1":{"start":{"line":3,"column":16},"end":{"line":3,"column":49}},"2":{"start":{"line":4,"column":19},"end":{"line":4,"column":55}},"3":{"start":{"line":6,"column":25},"end":{"line":52,"column":1}},"4":{"start":{"line":8,"column":2},"end":{"line":51,"column":5}},"5":{"start":{"line":9,"column":24},"end":{"line":9,"column":25}},"6":{"start":{"line":10,"column":20},"end":{"line":10,"column":26}},"7":{"start":{"line":11,"column":21},"end":{"line":11,"column":27}},"8":{"start":{"line":12,"column":24},"end":{"line":14,"column":6}},"9":{"start":{"line":13,"column":6},"end":{"line":13,"column":42}},"10":{"start":{"line":16,"column":4},"end":{"line":50,"column":7}},"11":{"start":{"line":17,"column":6},"end":{"line":47,"column":9}},"12":{"start":{"line":18,"column":8},"end":{"line":46,"column":11}},"13":{"start":{"line":19,"column":10},"end":{"line":45,"column":13}},"14":{"start":{"line":20,"column":12},"end":{"line":44,"column":13}},"15":{"start":{"line":21,"column":14},"end":{"line":43,"column":15}},"16":{"start":{"line":22,"column":16},"end":{"line":22,"column":49}},"17":{"start":{"line":23,"column":16},"end":{"line":42,"column":19}},"18":{"start":{"line":27,"column":18},"end":{"line":39,"column":19}},"19":{"start":{"line":28,"column":20},"end":{"line":38,"column":23}},"20":{"start":{"line":34,"column":22},"end":{"line":36,"column":25}},"21":{"start":{"line":35,"column":24},"end":{"line":35,"column":81}},"22":{"start":{"line":37,"column":22},"end":{"line":37,"column":44}},"23":{"start":{"line":41,"column":18},"end":{"line":41,"column":35}},"24":{"start":{"line":49,"column":6},"end":{"line":49,"column":23}},"25":{"start":{"line":54,"column":0},"end":{"line":56,"column":2}}},"fnMap":{"0":{"name":"(anonymous_0)","decl":{"start":{"line":6,"column":25},"end":{"line":6,"column":26}},"loc":{"start":{"line":6,"column":46},"end":{"line":52,"column":1}},"line":6},"1":{"name":"(anonymous_1)","decl":{"start":{"line":8,"column":21},"end":{"line":8,"column":22}},"loc":{"start":{"line":8,"column":33},"end":{"line":51,"column":3}},"line":8},"2":{"name":"(anonymous_2)","decl":{"start":{"line":12,"column":47},"end":{"line":12,"column":48}},"loc":{"start":{"line":12,"column":59},"end":{"line":14,"column":5}},"line":12},"3":{"name":"(anonymous_3)","decl":{"start":{"line":16,"column":24},"end":{"line":16,"column":25}},"loc":{"start":{"line":16,"column":32},"end":{"line":48,"column":5}},"line":16},"4":{"name":"(anonymous_4)","decl":{"start":{"line":17,"column":19},"end":{"line":17,"column":20}},"loc":{"start":{"line":17,"column":30},"end":{"line":47,"column":7}},"line":17},"5":{"name":"(anonymous_5)","decl":{"start":{"line":18,"column":40},"end":{"line":18,"column":41}},"loc":{"start":{"line":18,"column":52},"end":{"line":46,"column":9}},"line":18},"6":{"name":"(anonymous_6)","decl":{"start":{"line":19,"column":30},"end":{"line":19,"column":31}},"loc":{"start":{"line":19,"column":41},"end":{"line":45,"column":11}},"line":19},"7":{"name":"(anonymous_7)","decl":{"start":{"line":26,"column":24},"end":{"line":26,"column":25}},"loc":{"start":{"line":26,"column":34},"end":{"line":40,"column":17}},"line":26},"8":{"name":"(anonymous_8)","decl":{"start":{"line":33,"column":35},"end":{"line":33,"column":36}},"loc":{"start":{"line":33,"column":47},"end":{"line":38,"column":21}},"line":33},"9":{"name":"(anonymous_9)","decl":{"start":{"line":34,"column":74},"end":{"line":34,"column":75}},"loc":{"start":{"line":34,"column":85},"end":{"line":36,"column":23}},"line":34},"10":{"name":"(anonymous_10)","decl":{"start":{"line":40,"column":25},"end":{"line":40,"column":26}},"loc":{"start":{"line":40,"column":32},"end":{"line":42,"column":17}},"line":40},"11":{"name":"(anonymous_11)","decl":{"start":{"line":48,"column":13},"end":{"line":48,"column":14}},"loc":{"start":{"line":48,"column":20},"end":{"line":50,"column":5}},"line":48}},"branchMap":{"0":{"loc":{"start":{"line":20,"column":12},"end":{"line":44,"column":13}},"type":"if","locations":[{"start":{"line":20,"column":12},"end":{"line":44,"column":13}},{"start":{"line":20,"column":12},"end":{"line":44,"column":13}}],"line":20},"1":{"loc":{"start":{"line":21,"column":14},"end":{"line":43,"column":15}},"type":"if","locations":[{"start":{"line":21,"column":14},"end":{"line":43,"column":15}},{"start":{"line":21,"column":14},"end":{"line":43,"column":15}}],"line":21},"2":{"loc":{"start":{"line":27,"column":18},"end":{"line":39,"column":19}},"type":"if","locations":[{"start":{"line":27,"column":18},"end":{"line":39,"column":19}},{"start":{"line":27,"column":18},"end":{"line":39,"column":19}}],"line":27}},"s":{"0":3,"1":3,"2":3,"3":3,"4":0,"5":0,"6":0,"7":0,"8":0,"9":0,"10":0,"11":0,"12":0,"13":0,"14":0,"15":0,"16":0,"17":0,"18":0,"19":0,"20":0,"21":0,"22":0,"23":0,"24":0,"25":3},"f":{"0":0,"1":0,"2":0,"3":0,"4":0,"5":0,"6":0,"7":0,"8":0,"9":0,"10":0,"11":0},"b":{"0":[0,0],"1":[0,0],"2":[0,0]},"_coverageSchema":"332fd63041d2c1bcb487cc26dd0d5f7d97098a6c","hash":"be20b8a62a9703bd92c06e8d317d30843d3848b3"}
,"/media/hary/Hacktiv8/REPOD/backend/models/articleModel.js": {"path":"/media/hary/Hacktiv8/REPOD/backend/models/articleModel.js","statementMap":{"0":{"start":{"line":1,"column":17},"end":{"line":1,"column":36}},"1":{"start":{"line":2,"column":15},"end":{"line":2,"column":30}},"2":{"start":{"line":4,"column":22},"end":{"line":11,"column":2}},"3":{"start":{"line":13,"column":16},"end":{"line":13,"column":55}},"4":{"start":{"line":15,"column":0},"end":{"line":15,"column":24}}},"fnMap":{},"branchMap":{},"s":{"0":3,"1":3,"2":3,"3":3,"4":3},"f":{},"b":{},"_coverageSchema":"332fd63041d2c1bcb487cc26dd0d5f7d97098a6c","hash":"f11e0a4002bfb5ff59d97d06d56538247c0d439a"}
,"/media/hary/Hacktiv8/REPOD/backend/models/conjuctionModel.js": {"path":"/media/hary/Hacktiv8/REPOD/backend/models/conjuctionModel.js","statementMap":{"0":{"start":{"line":1,"column":17},"end":{"line":1,"column":36}},"1":{"start":{"line":2,"column":15},"end":{"line":2,"column":30}},"2":{"start":{"line":4,"column":24},"end":{"line":15,"column":2}},"3":{"start":{"line":17,"column":19},"end":{"line":17,"column":63}},"4":{"start":{"line":19,"column":0},"end":{"line":19,"column":28}}},"fnMap":{},"branchMap":{},"s":{"0":3,"1":3,"2":3,"3":3,"4":3},"f":{},"b":{},"_coverageSchema":"332fd63041d2c1bcb487cc26dd0d5f7d97098a6c","hash":"b06f3387e26914151fe229fcbf8b2b38b1f17d38"}
,"/media/hary/Hacktiv8/REPOD/backend/models/userModel.js": {"path":"/media/hary/Hacktiv8/REPOD/backend/models/userModel.js","statementMap":{"0":{"start":{"line":1,"column":17},"end":{"line":1,"column":36}},"1":{"start":{"line":2,"column":15},"end":{"line":2,"column":30}},"2":{"start":{"line":4,"column":19},"end":{"line":19,"column":2}},"3":{"start":{"line":21,"column":13},"end":{"line":21,"column":47}},"4":{"start":{"line":23,"column":0},"end":{"line":23,"column":21}}},"fnMap":{},"branchMap":{},"s":{"0":3,"1":3,"2":3,"3":3,"4":3},"f":{},"b":{},"_coverageSchema":"332fd63041d2c1bcb487cc26dd0d5f7d97098a6c","hash":"902bd80bcbd74aacb0c63e8731cd5c59238a92b2"}
,"/media/hary/Hacktiv8/REPOD/backend/routes/index.js": {"path":"/media/hary/Hacktiv8/REPOD/backend/routes/index.js","statementMap":{"0":{"start":{"line":1,"column":15},"end":{"line":1,"column":42}},"1":{"start":{"line":3,"column":24},"end":{"line":3,"column":65}},"2":{"start":{"line":4,"column":23},"end":{"line":4,"column":63}},"3":{"start":{"line":6,"column":0},"end":{"line":8,"column":3}},"4":{"start":{"line":7,"column":2},"end":{"line":7,"column":24}},"5":{"start":{"line":11,"column":0},"end":{"line":11,"column":56}},"6":{"start":{"line":14,"column":0},"end":{"line":14,"column":61}},"7":{"start":{"line":17,"column":0},"end":{"line":17,"column":64}},"8":{"start":{"line":20,"column":0},"end":{"line":20,"column":72}},"9":{"start":{"line":22,"column":0},"end":{"line":22,"column":24}}},"fnMap":{"0":{"name":"(anonymous_0)","decl":{"start":{"line":6,"column":15},"end":{"line":6,"column":16}},"loc":{"start":{"line":6,"column":28},"end":{"line":8,"column":1}},"line":6}},"branchMap":{},"s":{"0":3,"1":3,"2":3,"3":3,"4":0,"5":3,"6":3,"7":3,"8":3,"9":3},"f":{"0":0},"b":{},"_coverageSchema":"332fd63041d2c1bcb487cc26dd0d5f7d97098a6c","hash":"7b699b58ac01b5c85064927e9b7c361b09acd131"}
}
