{"/media/hary/Hacktiv8/REPOD/backend/app.js": {"path":"/media/hary/Hacktiv8/REPOD/backend/app.js","statementMap":{"0":{"start":{"line":1,"column":12},"end":{"line":1,"column":32}},"1":{"start":{"line":2,"column":6},"end":{"line":2,"column":39}},"2":{"start":{"line":3,"column":6},"end":{"line":3,"column":41}},"3":{"start":{"line":4,"column":6},"end":{"line":4,"column":46}},"4":{"start":{"line":5,"column":6},"end":{"line":5,"column":53}},"5":{"start":{"line":6,"column":6},"end":{"line":6,"column":49}},"6":{"start":{"line":7,"column":6},"end":{"line":7,"column":43}},"7":{"start":{"line":8,"column":6},"end":{"line":8,"column":50}},"8":{"start":{"line":9,"column":6},"end":{"line":9,"column":58}},"9":{"start":{"line":10,"column":6},"end":{"line":10,"column":39}},"10":{"start":{"line":11,"column":24},"end":{"line":11,"column":46}},"11":{"start":{"line":12,"column":24},"end":{"line":12,"column":42}},"12":{"start":{"line":14,"column":26},"end":{"line":14,"column":54}},"13":{"start":{"line":16,"column":0},"end":{"line":18,"column":3}},"14":{"start":{"line":20,"column":0},"end":{"line":20,"column":23}},"15":{"start":{"line":21,"column":0},"end":{"line":21,"column":27}},"16":{"start":{"line":22,"column":0},"end":{"line":22,"column":50}},"17":{"start":{"line":23,"column":0},"end":{"line":23,"column":16}},"18":{"start":{"line":24,"column":0},"end":{"line":24,"column":16}},"19":{"start":{"line":26,"column":18},"end":{"line":29,"column":2}},"20":{"start":{"line":32,"column":0},"end":{"line":34,"column":3}},"21":{"start":{"line":33,"column":2},"end":{"line":33,"column":27}},"22":{"start":{"line":37,"column":0},"end":{"line":40,"column":4}},"23":{"start":{"line":43,"column":12},"end":{"line":43,"column":31}},"24":{"start":{"line":44,"column":0},"end":{"line":44,"column":20}},"25":{"start":{"line":47,"column":0},"end":{"line":51,"column":3}},"26":{"start":{"line":48,"column":12},"end":{"line":48,"column":34}},"27":{"start":{"line":49,"column":2},"end":{"line":49,"column":18}},"28":{"start":{"line":50,"column":2},"end":{"line":50,"column":11}},"29":{"start":{"line":54,"column":0},"end":{"line":63,"column":2}},"30":{"start":{"line":56,"column":2},"end":{"line":56,"column":34}},"31":{"start":{"line":57,"column":2},"end":{"line":57,"column":68}},"32":{"start":{"line":61,"column":2},"end":{"line":61,"column":31}},"33":{"start":{"line":62,"column":2},"end":{"line":62,"column":15}},"34":{"start":{"line":66,"column":0},"end":{"line":66,"column":20}}},"fnMap":{"0":{"name":"(anonymous_0)","decl":{"start":{"line":32,"column":12},"end":{"line":32,"column":13}},"loc":{"start":{"line":32,"column":25},"end":{"line":34,"column":1}},"line":32},"1":{"name":"(anonymous_1)","decl":{"start":{"line":47,"column":8},"end":{"line":47,"column":9}},"loc":{"start":{"line":47,"column":33},"end":{"line":51,"column":1}},"line":47},"2":{"name":"(anonymous_2)","decl":{"start":{"line":54,"column":8},"end":{"line":54,"column":9}},"loc":{"start":{"line":54,"column":38},"end":{"line":63,"column":1}},"line":54}},"branchMap":{"0":{"loc":{"start":{"line":57,"column":21},"end":{"line":57,"column":68}},"type":"cond-expr","locations":[{"start":{"line":57,"column":60},"end":{"line":57,"column":63}},{"start":{"line":57,"column":66},"end":{"line":57,"column":68}}],"line":57},"1":{"loc":{"start":{"line":61,"column":13},"end":{"line":61,"column":30}},"type":"binary-expr","locations":[{"start":{"line":61,"column":13},"end":{"line":61,"column":23}},{"start":{"line":61,"column":27},"end":{"line":61,"column":30}}],"line":61}},"s":{"0":3,"1":3,"2":3,"3":3,"4":3,"5":3,"6":3,"7":3,"8":3,"9":3,"10":3,"11":3,"12":3,"13":3,"14":3,"15":3,"16":3,"17":3,"18":3,"19":3,"20":3,"21":1,"22":3,"23":3,"24":3,"25":3,"26":2,"27":2,"28":2,"29":3,"30":2,"31":2,"32":2,"33":2,"34":3},"f":{"0":1,"1":2,"2":2},"b":{"0":[0,2],"1":[2,0]},"_coverageSchema":"332fd63041d2c1bcb487cc26dd0d5f7d97098a6c","hash":"74a3aed470ba71a0d9b74b6da969f3476cef15d1"}
,"/media/hary/Hacktiv8/REPOD/backend/controllers/controlArticle.js": {"path":"/media/hary/Hacktiv8/REPOD/backend/controllers/controlArticle.js","statementMap":{"0":{"start":{"line":1,"column":17},"end":{"line":1,"column":51}},"1":{"start":{"line":3,"column":19},"end":{"line":3,"column":55}},"2":{"start":{"line":4,"column":16},"end":{"line":4,"column":49}},"3":{"start":{"line":6,"column":22},"end":{"line":14,"column":1}},"4":{"start":{"line":7,"column":2},"end":{"line":13,"column":5}},"5":{"start":{"line":10,"column":4},"end":{"line":10,"column":23}},"6":{"start":{"line":12,"column":4},"end":{"line":12,"column":21}},"7":{"start":{"line":16,"column":25},"end":{"line":26,"column":1}},"8":{"start":{"line":17,"column":2},"end":{"line":25,"column":5}},"9":{"start":{"line":22,"column":4},"end":{"line":22,"column":23}},"10":{"start":{"line":24,"column":4},"end":{"line":24,"column":21}},"11":{"start":{"line":28,"column":26},"end":{"line":44,"column":1}},"12":{"start":{"line":29,"column":2},"end":{"line":43,"column":5}},"13":{"start":{"line":32,"column":17},"end":{"line":32,"column":21}},"14":{"start":{"line":33,"column":4},"end":{"line":33,"column":32}},"15":{"start":{"line":34,"column":4},"end":{"line":40,"column":7}},"16":{"start":{"line":39,"column":6},"end":{"line":39,"column":24}},"17":{"start":{"line":42,"column":4},"end":{"line":42,"column":21}},"18":{"start":{"line":46,"column":0},"end":{"line":50,"column":2}}},"fnMap":{"0":{"name":"(anonymous_0)","decl":{"start":{"line":6,"column":22},"end":{"line":6,"column":23}},"loc":{"start":{"line":6,"column":35},"end":{"line":14,"column":1}},"line":6},"1":{"name":"(anonymous_1)","decl":{"start":{"line":9,"column":29},"end":{"line":9,"column":30}},"loc":{"start":{"line":9,"column":41},"end":{"line":11,"column":3}},"line":9},"2":{"name":"(anonymous_2)","decl":{"start":{"line":11,"column":11},"end":{"line":11,"column":12}},"loc":{"start":{"line":11,"column":18},"end":{"line":13,"column":3}},"line":11},"3":{"name":"(anonymous_3)","decl":{"start":{"line":16,"column":25},"end":{"line":16,"column":26}},"loc":{"start":{"line":16,"column":38},"end":{"line":26,"column":1}},"line":16},"4":{"name":"(anonymous_4)","decl":{"start":{"line":21,"column":10},"end":{"line":21,"column":11}},"loc":{"start":{"line":21,"column":22},"end":{"line":23,"column":3}},"line":21},"5":{"name":"(anonymous_5)","decl":{"start":{"line":23,"column":11},"end":{"line":23,"column":12}},"loc":{"start":{"line":23,"column":18},"end":{"line":25,"column":3}},"line":23},"6":{"name":"(anonymous_6)","decl":{"start":{"line":28,"column":26},"end":{"line":28,"column":27}},"loc":{"start":{"line":28,"column":39},"end":{"line":44,"column":1}},"line":28},"7":{"name":"(anonymous_7)","decl":{"start":{"line":31,"column":10},"end":{"line":31,"column":11}},"loc":{"start":{"line":31,"column":18},"end":{"line":41,"column":3}},"line":31},"8":{"name":"(anonymous_8)","decl":{"start":{"line":38,"column":12},"end":{"line":38,"column":13}},"loc":{"start":{"line":38,"column":24},"end":{"line":40,"column":5}},"line":38},"9":{"name":"(anonymous_9)","decl":{"start":{"line":41,"column":11},"end":{"line":41,"column":12}},"loc":{"start":{"line":41,"column":18},"end":{"line":43,"column":3}},"line":41}},"branchMap":{},"s":{"0":3,"1":3,"2":3,"3":3,"4":1,"5":1,"6":0,"7":3,"8":3,"9":3,"10":0,"11":3,"12":0,"13":0,"14":0,"15":0,"16":0,"17":0,"18":3},"f":{"0":1,"1":1,"2":0,"3":3,"4":3,"5":0,"6":0,"7":0,"8":0,"9":0},"b":{},"_coverageSchema":"332fd63041d2c1bcb487cc26dd0d5f7d97098a6c","hash":"bda2eb72cf3845d6531f1b268c1b63ed6f29d677"}
,"/media/hary/Hacktiv8/REPOD/backend/controllers/controlCategory.js": {"path":"/media/hary/Hacktiv8/REPOD/backend/controllers/controlCategory.js","statementMap":{"0":{"start":{"line":1,"column":16},"end":{"line":1,"column":34}},"1":{"start":{"line":2,"column":16},"end":{"line":2,"column":34}},"2":{"start":{"line":4,"column":20},"end":{"line":21,"column":1}},"3":{"start":{"line":5,"column":2},"end":{"line":20,"column":4}},"4":{"start":{"line":6,"column":4},"end":{"line":19,"column":5}},"5":{"start":{"line":7,"column":16},"end":{"line":7,"column":34}},"6":{"start":{"line":8,"column":24},"end":{"line":8,"column":26}},"7":{"start":{"line":9,"column":6},"end":{"line":17,"column":8}},"8":{"start":{"line":10,"column":26},"end":{"line":10,"column":46}},"9":{"start":{"line":11,"column":27},"end":{"line":11,"column":51}},"10":{"start":{"line":12,"column":23},"end":{"line":15,"column":9}},"11":{"start":{"line":16,"column":8},"end":{"line":16,"column":34}},"12":{"start":{"line":18,"column":6},"end":{"line":18,"column":27}},"13":{"start":{"line":23,"column":19},"end":{"line":68,"column":1}},"14":{"start":{"line":24,"column":2},"end":{"line":67,"column":4}},"15":{"start":{"line":25,"column":20},"end":{"line":25,"column":22}},"16":{"start":{"line":26,"column":4},"end":{"line":66,"column":5}},"17":{"start":{"line":27,"column":19},"end":{"line":27,"column":21}},"18":{"start":{"line":28,"column":16},"end":{"line":28,"column":34}},"19":{"start":{"line":29,"column":6},"end":{"line":44,"column":8}},"20":{"start":{"line":30,"column":19},"end":{"line":30,"column":40}},"21":{"start":{"line":31,"column":20},"end":{"line":31,"column":54}},"22":{"start":{"line":32,"column":20},"end":{"line":32,"column":45}},"23":{"start":{"line":33,"column":21},"end":{"line":33,"column":86}},"24":{"start":{"line":34,"column":18},"end":{"line":34,"column":38}},"25":{"start":{"line":35,"column":20},"end":{"line":35,"column":49}},"26":{"start":{"line":36,"column":21},"end":{"line":36,"column":27}},"27":{"start":{"line":37,"column":23},"end":{"line":42,"column":9}},"28":{"start":{"line":43,"column":8},"end":{"line":43,"column":32}},"29":{"start":{"line":45,"column":6},"end":{"line":50,"column":8}},"30":{"start":{"line":46,"column":26},"end":{"line":46,"column":75}},"31":{"start":{"line":47,"column":8},"end":{"line":49,"column":9}},"32":{"start":{"line":48,"column":10},"end":{"line":48,"column":51}},"33":{"start":{"line":51,"column":6},"end":{"line":58,"column":8}},"34":{"start":{"line":52,"column":20},"end":{"line":52,"column":99}},"35":{"start":{"line":53,"column":20},"end":{"line":53,"column":44}},"36":{"start":{"line":54,"column":21},"end":{"line":54,"column":34}},"37":{"start":{"line":55,"column":8},"end":{"line":57,"column":9}},"38":{"start":{"line":56,"column":10},"end":{"line":56,"column":40}},"39":{"start":{"line":59,"column":6},"end":{"line":64,"column":8}},"40":{"start":{"line":60,"column":21},"end":{"line":60,"column":66}},"41":{"start":{"line":61,"column":8},"end":{"line":63,"column":9}},"42":{"start":{"line":62,"column":10},"end":{"line":62,"column":41}},"43":{"start":{"line":65,"column":6},"end":{"line":65,"column":25}},"44":{"start":{"line":70,"column":0},"end":{"line":73,"column":1}}},"fnMap":{"0":{"name":"(anonymous_0)","decl":{"start":{"line":4,"column":20},"end":{"line":4,"column":21}},"loc":{"start":{"line":4,"column":33},"end":{"line":21,"column":1}},"line":4},"1":{"name":"(anonymous_1)","decl":{"start":{"line":5,"column":38},"end":{"line":5,"column":39}},"loc":{"start":{"line":5,"column":63},"end":{"line":20,"column":3}},"line":5},"2":{"name":"(anonymous_2)","decl":{"start":{"line":9,"column":95},"end":{"line":9,"column":96}},"loc":{"start":{"line":9,"column":111},"end":{"line":17,"column":7}},"line":9},"3":{"name":"(anonymous_3)","decl":{"start":{"line":23,"column":19},"end":{"line":23,"column":20}},"loc":{"start":{"line":23,"column":32},"end":{"line":68,"column":1}},"line":23},"4":{"name":"(anonymous_4)","decl":{"start":{"line":24,"column":48},"end":{"line":24,"column":49}},"loc":{"start":{"line":24,"column":75},"end":{"line":67,"column":3}},"line":24},"5":{"name":"(anonymous_5)","decl":{"start":{"line":29,"column":75},"end":{"line":29,"column":76}},"loc":{"start":{"line":29,"column":91},"end":{"line":44,"column":7}},"line":29},"6":{"name":"(anonymous_6)","decl":{"start":{"line":45,"column":41},"end":{"line":45,"column":42}},"loc":{"start":{"line":45,"column":57},"end":{"line":50,"column":7}},"line":45},"7":{"name":"(anonymous_7)","decl":{"start":{"line":51,"column":46},"end":{"line":51,"column":47}},"loc":{"start":{"line":51,"column":66},"end":{"line":58,"column":7}},"line":51},"8":{"name":"(anonymous_8)","decl":{"start":{"line":59,"column":91},"end":{"line":59,"column":92}},"loc":{"start":{"line":59,"column":107},"end":{"line":64,"column":7}},"line":59}},"branchMap":{"0":{"loc":{"start":{"line":6,"column":4},"end":{"line":19,"column":5}},"type":"if","locations":[{"start":{"line":6,"column":4},"end":{"line":19,"column":5}},{"start":{"line":6,"column":4},"end":{"line":19,"column":5}}],"line":6},"1":{"loc":{"start":{"line":6,"column":7},"end":{"line":6,"column":43}},"type":"binary-expr","locations":[{"start":{"line":6,"column":7},"end":{"line":6,"column":13}},{"start":{"line":6,"column":17},"end":{"line":6,"column":43}}],"line":6},"2":{"loc":{"start":{"line":26,"column":4},"end":{"line":66,"column":5}},"type":"if","locations":[{"start":{"line":26,"column":4},"end":{"line":66,"column":5}},{"start":{"line":26,"column":4},"end":{"line":66,"column":5}}],"line":26},"3":{"loc":{"start":{"line":26,"column":7},"end":{"line":26,"column":43}},"type":"binary-expr","locations":[{"start":{"line":26,"column":7},"end":{"line":26,"column":13}},{"start":{"line":26,"column":17},"end":{"line":26,"column":43}}],"line":26},"4":{"loc":{"start":{"line":47,"column":8},"end":{"line":49,"column":9}},"type":"if","locations":[{"start":{"line":47,"column":8},"end":{"line":49,"column":9}},{"start":{"line":47,"column":8},"end":{"line":49,"column":9}}],"line":47},"5":{"loc":{"start":{"line":55,"column":8},"end":{"line":57,"column":9}},"type":"if","locations":[{"start":{"line":55,"column":8},"end":{"line":57,"column":9}},{"start":{"line":55,"column":8},"end":{"line":57,"column":9}}],"line":55},"6":{"loc":{"start":{"line":61,"column":8},"end":{"line":63,"column":9}},"type":"if","locations":[{"start":{"line":61,"column":8},"end":{"line":63,"column":9}},{"start":{"line":61,"column":8},"end":{"line":63,"column":9}}],"line":61}},"s":{"0":3,"1":3,"2":3,"3":2,"4":2,"5":2,"6":2,"7":2,"8":104,"9":104,"10":104,"11":104,"12":2,"13":3,"14":3,"15":3,"16":3,"17":3,"18":3,"19":3,"20":75,"21":75,"22":75,"23":75,"24":75,"25":75,"26":75,"27":75,"28":75,"29":3,"30":81,"31":81,"32":75,"33":3,"34":81,"35":81,"36":81,"37":81,"38":75,"39":3,"40":81,"41":81,"42":75,"43":3,"44":3},"f":{"0":2,"1":2,"2":104,"3":3,"4":3,"5":75,"6":81,"7":81,"8":81},"b":{"0":[2,0],"1":[2,2],"2":[3,0],"3":[3,3],"4":[75,6],"5":[75,6],"6":[75,6]},"_coverageSchema":"332fd63041d2c1bcb487cc26dd0d5f7d97098a6c","hash":"eb2bc2f4ca40e2dc600767665d9a622bea423ff6"}
,"/media/hary/Hacktiv8/REPOD/backend/graphql/article.js": {"path":"/media/hary/Hacktiv8/REPOD/backend/graphql/article.js","statementMap":{"0":{"start":{"line":7,"column":4},"end":{"line":7,"column":22}},"1":{"start":{"line":9,"column":20},"end":{"line":20,"column":2}},"2":{"start":{"line":23,"column":25},"end":{"line":34,"column":2}},"3":{"start":{"line":36,"column":0},"end":{"line":39,"column":2}}},"fnMap":{},"branchMap":{},"s":{"0":3,"1":3,"2":3,"3":3},"f":{},"b":{},"_coverageSchema":"332fd63041d2c1bcb487cc26dd0d5f7d97098a6c","hash":"ea503099ecfc9ddbacb8886eef366972a9b97fb2"}
,"/media/hary/Hacktiv8/REPOD/backend/graphql/index.js": {"path":"/media/hary/Hacktiv8/REPOD/backend/graphql/index.js","statementMap":{"0":{"start":{"line":1,"column":56},"end":{"line":1,"column":74}},"1":{"start":{"line":2,"column":17},"end":{"line":2,"column":51}},"2":{"start":{"line":4,"column":13},"end":{"line":4,"column":43}},"3":{"start":{"line":5,"column":16},"end":{"line":5,"column":49}},"4":{"start":{"line":6,"column":19},"end":{"line":6,"column":55}},"5":{"start":{"line":7,"column":49},"end":{"line":7,"column":66}},"6":{"start":{"line":8,"column":40},"end":{"line":8,"column":60}},"7":{"start":{"line":9,"column":27},"end":{"line":9,"column":58}},"8":{"start":{"line":11,"column":0},"end":{"line":145,"column":2}},"9":{"start":{"line":12,"column":16},"end":{"line":42,"column":4}},"10":{"start":{"line":18,"column":10},"end":{"line":18,"column":35}},"11":{"start":{"line":30,"column":10},"end":{"line":32,"column":13}},"12":{"start":{"line":38,"column":10},"end":{"line":38,"column":38}},"13":{"start":{"line":44,"column":19},"end":{"line":139,"column":4}},"14":{"start":{"line":56,"column":26},"end":{"line":56,"column":30}},"15":{"start":{"line":57,"column":28},"end":{"line":59,"column":12}},"16":{"start":{"line":60,"column":10},"end":{"line":62,"column":11}},"17":{"start":{"line":61,"column":12},"end":{"line":61,"column":37}},"18":{"start":{"line":63,"column":10},"end":{"line":65,"column":13}},"19":{"start":{"line":77,"column":26},"end":{"line":77,"column":30}},"20":{"start":{"line":78,"column":23},"end":{"line":78,"column":70}},"21":{"start":{"line":79,"column":25},"end":{"line":87,"column":12}},"22":{"start":{"line":88,"column":26},"end":{"line":90,"column":12}},"23":{"start":{"line":89,"column":12},"end":{"line":89,"column":58}},"24":{"start":{"line":91,"column":10},"end":{"line":101,"column":11}},"25":{"start":{"line":92,"column":32},"end":{"line":94,"column":14}},"26":{"start":{"line":93,"column":14},"end":{"line":93,"column":35}},"27":{"start":{"line":95,"column":12},"end":{"line":100,"column":22}},"28":{"start":{"line":102,"column":10},"end":{"line":102,"column":24}},"29":{"start":{"line":114,"column":26},"end":{"line":114,"column":30}},"30":{"start":{"line":115,"column":10},"end":{"line":117,"column":13}},"31":{"start":{"line":118,"column":25},"end":{"line":120,"column":12}},"32":{"start":{"line":121,"column":10},"end":{"line":121,"column":31}},"33":{"start":{"line":133,"column":26},"end":{"line":133,"column":30}},"34":{"start":{"line":134,"column":10},"end":{"line":134,"column":38}},"35":{"start":{"line":135,"column":10},"end":{"line":135,"column":37}},"36":{"start":{"line":141,"column":2},"end":{"line":144,"column":3}}},"fnMap":{"0":{"name":"(anonymous_0)","decl":{"start":{"line":11,"column":17},"end":{"line":11,"column":18}},"loc":{"start":{"line":11,"column":29},"end":{"line":145,"column":1}},"line":11},"1":{"name":"(anonymous_1)","decl":{"start":{"line":17,"column":18},"end":{"line":17,"column":19}},"loc":{"start":{"line":17,"column":30},"end":{"line":19,"column":9}},"line":17},"2":{"name":"(anonymous_2)","decl":{"start":{"line":29,"column":18},"end":{"line":29,"column":19}},"loc":{"start":{"line":29,"column":39},"end":{"line":33,"column":9}},"line":29},"3":{"name":"(anonymous_3)","decl":{"start":{"line":37,"column":18},"end":{"line":37,"column":19}},"loc":{"start":{"line":37,"column":30},"end":{"line":39,"column":9}},"line":37},"4":{"name":"(anonymous_4)","decl":{"start":{"line":55,"column":17},"end":{"line":55,"column":18}},"loc":{"start":{"line":55,"column":38},"end":{"line":66,"column":9}},"line":55},"5":{"name":"(anonymous_5)","decl":{"start":{"line":76,"column":18},"end":{"line":76,"column":19}},"loc":{"start":{"line":76,"column":39},"end":{"line":103,"column":9}},"line":76},"6":{"name":"(anonymous_6)","decl":{"start":{"line":88,"column":50},"end":{"line":88,"column":51}},"loc":{"start":{"line":88,"column":59},"end":{"line":90,"column":11}},"line":88},"7":{"name":"(anonymous_7)","decl":{"start":{"line":92,"column":54},"end":{"line":92,"column":55}},"loc":{"start":{"line":92,"column":66},"end":{"line":94,"column":13}},"line":92},"8":{"name":"(anonymous_8)","decl":{"start":{"line":113,"column":18},"end":{"line":113,"column":19}},"loc":{"start":{"line":113,"column":39},"end":{"line":122,"column":9}},"line":113},"9":{"name":"(anonymous_9)","decl":{"start":{"line":132,"column":18},"end":{"line":132,"column":19}},"loc":{"start":{"line":132,"column":39},"end":{"line":136,"column":9}},"line":132}},"branchMap":{"0":{"loc":{"start":{"line":60,"column":10},"end":{"line":62,"column":11}},"type":"if","locations":[{"start":{"line":60,"column":10},"end":{"line":62,"column":11}},{"start":{"line":60,"column":10},"end":{"line":62,"column":11}}],"line":60},"1":{"loc":{"start":{"line":82,"column":18},"end":{"line":82,"column":53}},"type":"cond-expr","locations":[{"start":{"line":82,"column":31},"end":{"line":82,"column":41}},{"start":{"line":82,"column":44},"end":{"line":82,"column":53}}],"line":82},"2":{"loc":{"start":{"line":83,"column":19},"end":{"line":83,"column":57}},"type":"cond-expr","locations":[{"start":{"line":83,"column":33},"end":{"line":83,"column":44}},{"start":{"line":83,"column":47},"end":{"line":83,"column":57}}],"line":83},"3":{"loc":{"start":{"line":84,"column":19},"end":{"line":84,"column":57}},"type":"cond-expr","locations":[{"start":{"line":84,"column":33},"end":{"line":84,"column":44}},{"start":{"line":84,"column":47},"end":{"line":84,"column":57}}],"line":84},"4":{"loc":{"start":{"line":85,"column":21},"end":{"line":85,"column":65}},"type":"cond-expr","locations":[{"start":{"line":85,"column":37},"end":{"line":85,"column":50}},{"start":{"line":85,"column":53},"end":{"line":85,"column":65}}],"line":85},"5":{"loc":{"start":{"line":86,"column":25},"end":{"line":86,"column":81}},"type":"cond-expr","locations":[{"start":{"line":86,"column":45},"end":{"line":86,"column":62}},{"start":{"line":86,"column":65},"end":{"line":86,"column":81}}],"line":86},"6":{"loc":{"start":{"line":91,"column":10},"end":{"line":101,"column":11}},"type":"if","locations":[{"start":{"line":91,"column":10},"end":{"line":101,"column":11}},{"start":{"line":91,"column":10},"end":{"line":101,"column":11}}],"line":91}},"s":{"0":3,"1":3,"2":3,"3":3,"4":3,"5":3,"6":3,"7":3,"8":3,"9":3,"10":0,"11":0,"12":0,"13":3,"14":0,"15":0,"16":0,"17":0,"18":0,"19":0,"20":0,"21":0,"22":0,"23":0,"24":0,"25":0,"26":0,"27":0,"28":0,"29":0,"30":0,"31":0,"32":0,"33":0,"34":0,"35":0,"36":3},"f":{"0":3,"1":0,"2":0,"3":0,"4":0,"5":0,"6":0,"7":0,"8":0,"9":0},"b":{"0":[0,0],"1":[0,0],"2":[0,0],"3":[0,0],"4":[0,0],"5":[0,0],"6":[0,0]},"_coverageSchema":"332fd63041d2c1bcb487cc26dd0d5f7d97098a6c","hash":"6e9733265d14bba4ba0a3903b07a97a826b52d86"}
,"/media/hary/Hacktiv8/REPOD/backend/graphql/user.js": {"path":"/media/hary/Hacktiv8/REPOD/backend/graphql/user.js","statementMap":{"0":{"start":{"line":7,"column":4},"end":{"line":7,"column":22}},"1":{"start":{"line":9,"column":17},"end":{"line":21,"column":2}},"2":{"start":{"line":23,"column":22},"end":{"line":30,"column":2}},"3":{"start":{"line":32,"column":24},"end":{"line":38,"column":2}},"4":{"start":{"line":41,"column":22},"end":{"line":54,"column":2}},"5":{"start":{"line":56,"column":0},"end":{"line":60,"column":2}}},"fnMap":{},"branchMap":{},"s":{"0":3,"1":3,"2":3,"3":3,"4":3,"5":3},"f":{},"b":{},"_coverageSchema":"332fd63041d2c1bcb487cc26dd0d5f7d97098a6c","hash":"84b1e22bb142054f8de539e0d12bbfcd8f8038d1"}
,"/media/hary/Hacktiv8/REPOD/backend/helpers/scrapping.js": {"path":"/media/hary/Hacktiv8/REPOD/backend/helpers/scrapping.js","statementMap":{"0":{"start":{"line":1,"column":17},"end":{"line":1,"column":51}},"1":{"start":{"line":3,"column":16},"end":{"line":3,"column":49}},"2":{"start":{"line":4,"column":19},"end":{"line":4,"column":55}},"3":{"start":{"line":6,"column":25},"end":{"line":63,"column":1}},"4":{"start":{"line":8,"column":22},"end":{"line":8,"column":23}},"5":{"start":{"line":9,"column":18},"end":{"line":9,"column":24}},"6":{"start":{"line":10,"column":19},"end":{"line":10,"column":25}},"7":{"start":{"line":11,"column":20},"end":{"line":11,"column":26}},"8":{"start":{"line":12,"column":22},"end":{"line":14,"column":4}},"9":{"start":{"line":13,"column":4},"end":{"line":13,"column":40}},"10":{"start":{"line":16,"column":2},"end":{"line":23,"column":5}},"11":{"start":{"line":17,"column":4},"end":{"line":22,"column":7}},"12":{"start":{"line":21,"column":6},"end":{"line":21,"column":29}},"13":{"start":{"line":25,"column":2},"end":{"line":62,"column":5}},"14":{"start":{"line":26,"column":4},"end":{"line":61,"column":7}},"15":{"start":{"line":27,"column":6},"end":{"line":58,"column":9}},"16":{"start":{"line":28,"column":8},"end":{"line":57,"column":11}},"17":{"start":{"line":29,"column":10},"end":{"line":56,"column":13}},"18":{"start":{"line":30,"column":12},"end":{"line":55,"column":13}},"19":{"start":{"line":31,"column":14},"end":{"line":54,"column":15}},"20":{"start":{"line":32,"column":16},"end":{"line":32,"column":49}},"21":{"start":{"line":33,"column":16},"end":{"line":53,"column":19}},"22":{"start":{"line":37,"column":18},"end":{"line":50,"column":19}},"23":{"start":{"line":38,"column":20},"end":{"line":49,"column":23}},"24":{"start":{"line":44,"column":22},"end":{"line":44,"column":44}},"25":{"start":{"line":45,"column":22},"end":{"line":48,"column":25}},"26":{"start":{"line":46,"column":24},"end":{"line":46,"column":81}},"27":{"start":{"line":47,"column":24},"end":{"line":47,"column":47}},"28":{"start":{"line":52,"column":18},"end":{"line":52,"column":35}},"29":{"start":{"line":60,"column":6},"end":{"line":60,"column":23}},"30":{"start":{"line":65,"column":0},"end":{"line":67,"column":2}}},"fnMap":{"0":{"name":"(anonymous_0)","decl":{"start":{"line":6,"column":25},"end":{"line":6,"column":26}},"loc":{"start":{"line":6,"column":46},"end":{"line":63,"column":1}},"line":6},"1":{"name":"(anonymous_1)","decl":{"start":{"line":12,"column":45},"end":{"line":12,"column":46}},"loc":{"start":{"line":12,"column":57},"end":{"line":14,"column":3}},"line":12},"2":{"name":"(anonymous_2)","decl":{"start":{"line":16,"column":18},"end":{"line":16,"column":19}},"loc":{"start":{"line":16,"column":30},"end":{"line":23,"column":3}},"line":16},"3":{"name":"(anonymous_3)","decl":{"start":{"line":20,"column":12},"end":{"line":20,"column":13}},"loc":{"start":{"line":20,"column":24},"end":{"line":22,"column":5}},"line":20},"4":{"name":"(anonymous_4)","decl":{"start":{"line":25,"column":23},"end":{"line":25,"column":24}},"loc":{"start":{"line":25,"column":35},"end":{"line":62,"column":3}},"line":25},"5":{"name":"(anonymous_5)","decl":{"start":{"line":26,"column":24},"end":{"line":26,"column":25}},"loc":{"start":{"line":26,"column":32},"end":{"line":59,"column":5}},"line":26},"6":{"name":"(anonymous_6)","decl":{"start":{"line":27,"column":19},"end":{"line":27,"column":20}},"loc":{"start":{"line":27,"column":30},"end":{"line":58,"column":7}},"line":27},"7":{"name":"(anonymous_7)","decl":{"start":{"line":28,"column":40},"end":{"line":28,"column":41}},"loc":{"start":{"line":28,"column":52},"end":{"line":57,"column":9}},"line":28},"8":{"name":"(anonymous_8)","decl":{"start":{"line":29,"column":30},"end":{"line":29,"column":31}},"loc":{"start":{"line":29,"column":41},"end":{"line":56,"column":11}},"line":29},"9":{"name":"(anonymous_9)","decl":{"start":{"line":36,"column":24},"end":{"line":36,"column":25}},"loc":{"start":{"line":36,"column":34},"end":{"line":51,"column":17}},"line":36},"10":{"name":"(anonymous_10)","decl":{"start":{"line":43,"column":35},"end":{"line":43,"column":36}},"loc":{"start":{"line":43,"column":47},"end":{"line":49,"column":21}},"line":43},"11":{"name":"(anonymous_11)","decl":{"start":{"line":45,"column":74},"end":{"line":45,"column":75}},"loc":{"start":{"line":45,"column":85},"end":{"line":48,"column":23}},"line":45},"12":{"name":"(anonymous_12)","decl":{"start":{"line":51,"column":25},"end":{"line":51,"column":26}},"loc":{"start":{"line":51,"column":32},"end":{"line":53,"column":17}},"line":51},"13":{"name":"(anonymous_13)","decl":{"start":{"line":59,"column":13},"end":{"line":59,"column":14}},"loc":{"start":{"line":59,"column":20},"end":{"line":61,"column":5}},"line":59}},"branchMap":{"0":{"loc":{"start":{"line":30,"column":12},"end":{"line":55,"column":13}},"type":"if","locations":[{"start":{"line":30,"column":12},"end":{"line":55,"column":13}},{"start":{"line":30,"column":12},"end":{"line":55,"column":13}}],"line":30},"1":{"loc":{"start":{"line":31,"column":14},"end":{"line":54,"column":15}},"type":"if","locations":[{"start":{"line":31,"column":14},"end":{"line":54,"column":15}},{"start":{"line":31,"column":14},"end":{"line":54,"column":15}}],"line":31},"2":{"loc":{"start":{"line":37,"column":18},"end":{"line":50,"column":19}},"type":"if","locations":[{"start":{"line":37,"column":18},"end":{"line":50,"column":19}},{"start":{"line":37,"column":18},"end":{"line":50,"column":19}}],"line":37}},"s":{"0":3,"1":3,"2":3,"3":3,"4":0,"5":0,"6":0,"7":0,"8":0,"9":0,"10":0,"11":0,"12":0,"13":0,"14":0,"15":0,"16":0,"17":0,"18":0,"19":0,"20":0,"21":0,"22":0,"23":0,"24":0,"25":0,"26":0,"27":0,"28":0,"29":0,"30":3},"f":{"0":0,"1":0,"2":0,"3":0,"4":0,"5":0,"6":0,"7":0,"8":0,"9":0,"10":0,"11":0,"12":0,"13":0},"b":{"0":[0,0],"1":[0,0],"2":[0,0]},"_coverageSchema":"332fd63041d2c1bcb487cc26dd0d5f7d97098a6c","hash":"dc232154b48c7afdccbc0b40d3681d0bab86ad9f"}
,"/media/hary/Hacktiv8/REPOD/backend/models/articleModel.js": {"path":"/media/hary/Hacktiv8/REPOD/backend/models/articleModel.js","statementMap":{"0":{"start":{"line":1,"column":17},"end":{"line":1,"column":36}},"1":{"start":{"line":2,"column":15},"end":{"line":2,"column":30}},"2":{"start":{"line":4,"column":22},"end":{"line":19,"column":2}},"3":{"start":{"line":21,"column":16},"end":{"line":21,"column":55}},"4":{"start":{"line":23,"column":0},"end":{"line":23,"column":24}}},"fnMap":{},"branchMap":{},"s":{"0":3,"1":3,"2":3,"3":3,"4":3},"f":{},"b":{},"_coverageSchema":"332fd63041d2c1bcb487cc26dd0d5f7d97098a6c","hash":"b9831e0b4fcb04edc22eeedf50b863be85043ff9"}
,"/media/hary/Hacktiv8/REPOD/backend/models/conjuctionModel.js": {"path":"/media/hary/Hacktiv8/REPOD/backend/models/conjuctionModel.js","statementMap":{"0":{"start":{"line":1,"column":17},"end":{"line":1,"column":36}},"1":{"start":{"line":2,"column":15},"end":{"line":2,"column":30}},"2":{"start":{"line":4,"column":24},"end":{"line":15,"column":2}},"3":{"start":{"line":17,"column":19},"end":{"line":17,"column":63}},"4":{"start":{"line":19,"column":0},"end":{"line":19,"column":28}}},"fnMap":{},"branchMap":{},"s":{"0":3,"1":3,"2":3,"3":3,"4":3},"f":{},"b":{},"_coverageSchema":"332fd63041d2c1bcb487cc26dd0d5f7d97098a6c","hash":"b06f3387e26914151fe229fcbf8b2b38b1f17d38"}
,"/media/hary/Hacktiv8/REPOD/backend/models/userModel.js": {"path":"/media/hary/Hacktiv8/REPOD/backend/models/userModel.js","statementMap":{"0":{"start":{"line":1,"column":17},"end":{"line":1,"column":36}},"1":{"start":{"line":2,"column":15},"end":{"line":2,"column":30}},"2":{"start":{"line":4,"column":19},"end":{"line":25,"column":2}},"3":{"start":{"line":27,"column":13},"end":{"line":27,"column":47}},"4":{"start":{"line":29,"column":0},"end":{"line":29,"column":21}}},"fnMap":{},"branchMap":{},"s":{"0":3,"1":3,"2":3,"3":3,"4":3},"f":{},"b":{},"_coverageSchema":"332fd63041d2c1bcb487cc26dd0d5f7d97098a6c","hash":"24755eeae9c02744547148d9fda49bdb56c89d9f"}
,"/media/hary/Hacktiv8/REPOD/backend/routes/index.js": {"path":"/media/hary/Hacktiv8/REPOD/backend/routes/index.js","statementMap":{"0":{"start":{"line":1,"column":15},"end":{"line":1,"column":42}},"1":{"start":{"line":3,"column":24},"end":{"line":3,"column":65}},"2":{"start":{"line":4,"column":23},"end":{"line":4,"column":63}},"3":{"start":{"line":6,"column":0},"end":{"line":8,"column":3}},"4":{"start":{"line":7,"column":2},"end":{"line":7,"column":24}},"5":{"start":{"line":11,"column":0},"end":{"line":11,"column":56}},"6":{"start":{"line":14,"column":0},"end":{"line":14,"column":61}},"7":{"start":{"line":17,"column":0},"end":{"line":17,"column":64}},"8":{"start":{"line":20,"column":0},"end":{"line":20,"column":72}},"9":{"start":{"line":23,"column":0},"end":{"line":23,"column":70}},"10":{"start":{"line":25,"column":0},"end":{"line":25,"column":24}}},"fnMap":{"0":{"name":"(anonymous_0)","decl":{"start":{"line":6,"column":15},"end":{"line":6,"column":16}},"loc":{"start":{"line":6,"column":28},"end":{"line":8,"column":1}},"line":6}},"branchMap":{},"s":{"0":3,"1":3,"2":3,"3":3,"4":0,"5":3,"6":3,"7":3,"8":3,"9":3,"10":3},"f":{"0":0},"b":{},"_coverageSchema":"332fd63041d2c1bcb487cc26dd0d5f7d97098a6c","hash":"7e2fb3ba64519de65b1c232fb220a0af41d3b60b"}
}
