TN:
SF:/media/hary/Hacktiv8/REPOD/backend/app.js
FN:32,(anonymous_0)
FN:47,(anonymous_1)
FN:54,(anonymous_2)
FNF:3
FNH:1
FNDA:1,(anonymous_0)
FNDA:0,(anonymous_1)
FNDA:0,(anonymous_2)
DA:1,3
DA:2,3
DA:3,3
DA:4,3
DA:5,3
DA:6,3
DA:7,3
DA:8,3
DA:9,3
DA:10,3
DA:11,3
DA:12,3
DA:14,3
DA:16,3
DA:20,3
DA:21,3
DA:22,3
DA:23,3
DA:24,3
DA:26,3
DA:32,3
DA:33,1
DA:37,3
DA:43,3
DA:44,3
DA:47,3
DA:48,0
DA:49,0
DA:50,0
DA:54,3
DA:56,0
DA:57,0
DA:60,0
DA:61,0
DA:62,0
DA:66,3
LF:36
LH:28
BRDA:57,0,0,0
BRDA:57,0,1,0
BRDA:61,1,0,0
BRDA:61,1,1,0
BRF:4
BRH:0
end_of_record
TN:
SF:/media/hary/Hacktiv8/REPOD/backend/controllers/controlArticle.js
FN:5,(anonymous_0)
FN:8,(anonymous_1)
FN:10,(anonymous_2)
FN:15,(anonymous_3)
FN:20,(anonymous_4)
FN:22,(anonymous_5)
FNF:6
FNH:0
FNDA:0,(anonymous_0)
FNDA:0,(anonymous_1)
FNDA:0,(anonymous_2)
FNDA:0,(anonymous_3)
FNDA:0,(anonymous_4)
FNDA:0,(anonymous_5)
DA:1,3
DA:3,3
DA:5,3
DA:6,0
DA:9,0
DA:11,0
DA:15,3
DA:16,0
DA:21,0
DA:23,0
DA:27,3
LF:11
LH:5
BRF:0
BRH:0
end_of_record
TN:
SF:/media/hary/Hacktiv8/REPOD/backend/controllers/controlCategory.js
FN:4,(anonymous_0)
FN:5,(anonymous_1)
FN:9,(anonymous_2)
FN:23,(anonymous_3)
FN:24,(anonymous_4)
FN:29,(anonymous_5)
FN:45,(anonymous_6)
FN:51,(anonymous_7)
FN:59,(anonymous_8)
FNF:9
FNH:9
FNDA:1,(anonymous_0)
FNDA:1,(anonymous_1)
FNDA:52,(anonymous_2)
FNDA:2,(anonymous_3)
FNDA:2,(anonymous_4)
FNDA:50,(anonymous_5)
FNDA:54,(anonymous_6)
FNDA:54,(anonymous_7)
FNDA:54,(anonymous_8)
DA:1,3
DA:2,3
DA:4,3
DA:5,1
DA:6,1
DA:7,1
DA:8,1
DA:9,1
DA:10,52
DA:11,52
DA:12,52
DA:16,52
DA:18,1
DA:23,3
DA:24,2
DA:25,2
DA:26,2
DA:27,2
DA:28,2
DA:29,2
DA:30,50
DA:31,50
DA:32,50
DA:33,50
DA:34,50
DA:35,50
DA:36,50
DA:37,50
DA:43,50
DA:45,2
DA:46,54
DA:47,54
DA:48,50
DA:51,2
DA:52,54
DA:53,54
DA:54,54
DA:55,54
DA:56,50
DA:59,2
DA:60,54
DA:61,54
DA:62,50
DA:65,2
DA:70,3
LF:45
LH:45
BRDA:6,0,0,1
BRDA:6,0,1,0
BRDA:6,1,0,1
BRDA:6,1,1,1
BRDA:26,2,0,2
BRDA:26,2,1,0
BRDA:26,3,0,2
BRDA:26,3,1,2
BRDA:47,4,0,50
BRDA:47,4,1,4
BRDA:55,5,0,50
BRDA:55,5,1,4
BRDA:61,6,0,50
BRDA:61,6,1,4
BRF:14
BRH:12
end_of_record
TN:
SF:/media/hary/Hacktiv8/REPOD/backend/graphql/article.js
FNF:0
FNH:0
DA:7,3
DA:9,3
DA:23,3
DA:36,3
LF:4
LH:4
BRF:0
BRH:0
end_of_record
TN:
SF:/media/hary/Hacktiv8/REPOD/backend/graphql/index.js
FN:11,(anonymous_0)
FN:17,(anonymous_1)
FN:29,(anonymous_2)
FN:37,(anonymous_3)
FN:55,(anonymous_4)
FN:76,(anonymous_5)
FN:88,(anonymous_6)
FN:110,(anonymous_7)
FN:129,(anonymous_8)
FNF:9
FNH:1
FNDA:3,(anonymous_0)
FNDA:0,(anonymous_1)
FNDA:0,(anonymous_2)
FNDA:0,(anonymous_3)
FNDA:0,(anonymous_4)
FNDA:0,(anonymous_5)
FNDA:0,(anonymous_6)
FNDA:0,(anonymous_7)
FNDA:0,(anonymous_8)
DA:1,3
DA:2,3
DA:4,3
DA:5,3
DA:6,3
DA:7,3
DA:8,3
DA:9,3
DA:11,3
DA:12,3
DA:18,0
DA:30,0
DA:38,0
DA:44,3
DA:56,0
DA:57,0
DA:60,0
DA:61,0
DA:63,0
DA:77,0
DA:78,0
DA:79,0
DA:88,0
DA:89,0
DA:91,0
DA:92,0
DA:99,0
DA:111,0
DA:112,0
DA:115,0
DA:118,0
DA:130,0
DA:131,0
DA:132,0
DA:138,3
LF:35
LH:12
BRDA:60,0,0,0
BRDA:60,0,1,0
BRDA:82,1,0,0
BRDA:82,1,1,0
BRDA:83,2,0,0
BRDA:83,2,1,0
BRDA:84,3,0,0
BRDA:84,3,1,0
BRDA:85,4,0,0
BRDA:85,4,1,0
BRDA:86,5,0,0
BRDA:86,5,1,0
BRDA:91,6,0,0
BRDA:91,6,1,0
BRF:14
BRH:0
end_of_record
TN:
SF:/media/hary/Hacktiv8/REPOD/backend/graphql/user.js
FNF:0
FNH:0
DA:7,3
DA:9,3
DA:23,3
DA:33,3
DA:48,3
LF:5
LH:5
BRF:0
BRH:0
end_of_record
TN:
SF:/media/hary/Hacktiv8/REPOD/backend/helpers/scrapping.js
FN:6,(anonymous_0)
FN:8,(anonymous_1)
FN:12,(anonymous_2)
FN:16,(anonymous_3)
FN:17,(anonymous_4)
FN:18,(anonymous_5)
FN:19,(anonymous_6)
FN:26,(anonymous_7)
FN:33,(anonymous_8)
FN:34,(anonymous_9)
FN:40,(anonymous_10)
FN:48,(anonymous_11)
FNF:12
FNH:0
FNDA:0,(anonymous_0)
FNDA:0,(anonymous_1)
FNDA:0,(anonymous_2)
FNDA:0,(anonymous_3)
FNDA:0,(anonymous_4)
FNDA:0,(anonymous_5)
FNDA:0,(anonymous_6)
FNDA:0,(anonymous_7)
FNDA:0,(anonymous_8)
FNDA:0,(anonymous_9)
FNDA:0,(anonymous_10)
FNDA:0,(anonymous_11)
DA:1,3
DA:3,3
DA:4,3
DA:6,3
DA:8,0
DA:9,0
DA:10,0
DA:11,0
DA:12,0
DA:13,0
DA:16,0
DA:17,0
DA:18,0
DA:19,0
DA:20,0
DA:21,0
DA:22,0
DA:23,0
DA:27,0
DA:28,0
DA:34,0
DA:35,0
DA:37,0
DA:41,0
DA:49,0
DA:54,3
LF:26
LH:5
BRDA:20,0,0,0
BRDA:20,0,1,0
BRDA:21,1,0,0
BRDA:21,1,1,0
BRDA:27,2,0,0
BRDA:27,2,1,0
BRF:6
BRH:0
end_of_record
TN:
SF:/media/hary/Hacktiv8/REPOD/backend/models/articleModel.js
FNF:0
FNH:0
DA:1,3
DA:2,3
DA:4,3
DA:13,3
DA:15,3
LF:5
LH:5
BRF:0
BRH:0
end_of_record
TN:
SF:/media/hary/Hacktiv8/REPOD/backend/models/conjuctionModel.js
FNF:0
FNH:0
DA:1,3
DA:2,3
DA:4,3
DA:17,3
DA:19,3
LF:5
LH:5
BRF:0
BRH:0
end_of_record
TN:
SF:/media/hary/Hacktiv8/REPOD/backend/models/userModel.js
FNF:0
FNH:0
DA:1,3
DA:2,3
DA:4,3
DA:21,3
DA:23,3
LF:5
LH:5
BRF:0
BRH:0
end_of_record
TN:
SF:/media/hary/Hacktiv8/REPOD/backend/routes/index.js
FN:6,(anonymous_0)
FNF:1
FNH:0
FNDA:0,(anonymous_0)
DA:1,3
DA:3,3
DA:4,3
DA:6,3
DA:7,0
DA:11,3
DA:14,3
DA:17,3
DA:20,3
DA:22,3
LF:10
LH:9
BRF:0
BRH:0
end_of_record
