TN:
SF:/media/hary/Hacktiv8/REPOD/backend/app.js
FN:32,(anonymous_0)
FN:47,(anonymous_1)
FN:54,(anonymous_2)
FNF:3
FNH:3
FNDA:1,(anonymous_0)
FNDA:2,(anonymous_1)
FNDA:2,(anonymous_2)
DA:1,3
DA:2,3
DA:3,3
DA:4,3
DA:5,3
DA:6,3
DA:7,3
DA:8,3
DA:9,3
DA:10,3
DA:11,3
DA:12,3
DA:14,3
DA:16,3
DA:20,3
DA:21,3
DA:22,3
DA:23,3
DA:24,3
DA:26,3
DA:32,3
DA:33,1
DA:37,3
DA:43,3
DA:44,3
DA:47,3
DA:48,2
DA:49,2
DA:50,2
DA:54,3
DA:56,2
DA:57,2
DA:61,2
DA:62,2
DA:66,3
LF:35
LH:35
BRDA:57,0,0,0
BRDA:57,0,1,2
BRDA:61,1,0,2
BRDA:61,1,1,0
BRF:4
BRH:2
end_of_record
TN:
SF:/media/hary/Hacktiv8/REPOD/backend/controllers/controlArticle.js
FN:6,(anonymous_0)
FN:9,(anonymous_1)
FN:11,(anonymous_2)
FN:16,(anonymous_3)
FN:21,(anonymous_4)
FN:23,(anonymous_5)
FN:28,(anonymous_6)
FN:31,(anonymous_7)
FN:38,(anonymous_8)
FN:41,(anonymous_9)
FNF:10
FNH:4
FNDA:1,(anonymous_0)
FNDA:1,(anonymous_1)
FNDA:0,(anonymous_2)
FNDA:3,(anonymous_3)
FNDA:3,(anonymous_4)
FNDA:0,(anonymous_5)
FNDA:0,(anonymous_6)
FNDA:0,(anonymous_7)
FNDA:0,(anonymous_8)
FNDA:0,(anonymous_9)
DA:1,3
DA:3,3
DA:4,3
DA:6,3
DA:7,1
DA:10,1
DA:12,0
DA:16,3
DA:17,3
DA:22,3
DA:24,0
DA:28,3
DA:29,0
DA:32,0
DA:33,0
DA:34,0
DA:39,0
DA:42,0
DA:46,3
LF:19
LH:11
BRF:0
BRH:0
end_of_record
TN:
SF:/media/hary/Hacktiv8/REPOD/backend/controllers/controlCategory.js
FN:4,(anonymous_0)
FN:5,(anonymous_1)
FN:9,(anonymous_2)
FN:23,(anonymous_3)
FN:24,(anonymous_4)
FN:29,(anonymous_5)
FN:45,(anonymous_6)
FN:51,(anonymous_7)
FN:59,(anonymous_8)
FNF:9
FNH:9
FNDA:2,(anonymous_0)
FNDA:2,(anonymous_1)
FNDA:104,(anonymous_2)
FNDA:3,(anonymous_3)
FNDA:3,(anonymous_4)
FNDA:75,(anonymous_5)
FNDA:81,(anonymous_6)
FNDA:81,(anonymous_7)
FNDA:81,(anonymous_8)
DA:1,3
DA:2,3
DA:4,3
DA:5,2
DA:6,2
DA:7,2
DA:8,2
DA:9,2
DA:10,104
DA:11,104
DA:12,104
DA:16,104
DA:18,2
DA:23,3
DA:24,3
DA:25,3
DA:26,3
DA:27,3
DA:28,3
DA:29,3
DA:30,75
DA:31,75
DA:32,75
DA:33,75
DA:34,75
DA:35,75
DA:36,75
DA:37,75
DA:43,75
DA:45,3
DA:46,81
DA:47,81
DA:48,75
DA:51,3
DA:52,81
DA:53,81
DA:54,81
DA:55,81
DA:56,75
DA:59,3
DA:60,81
DA:61,81
DA:62,75
DA:65,3
DA:70,3
LF:45
LH:45
BRDA:6,0,0,2
BRDA:6,0,1,0
BRDA:6,1,0,2
BRDA:6,1,1,2
BRDA:26,2,0,3
BRDA:26,2,1,0
BRDA:26,3,0,3
BRDA:26,3,1,3
BRDA:47,4,0,75
BRDA:47,4,1,6
BRDA:55,5,0,75
BRDA:55,5,1,6
BRDA:61,6,0,75
BRDA:61,6,1,6
BRF:14
BRH:12
end_of_record
TN:
SF:/media/hary/Hacktiv8/REPOD/backend/graphql/article.js
FNF:0
FNH:0
DA:7,3
DA:9,3
DA:23,3
DA:36,3
LF:4
LH:4
BRF:0
BRH:0
end_of_record
TN:
SF:/media/hary/Hacktiv8/REPOD/backend/graphql/index.js
FN:11,(anonymous_0)
FN:17,(anonymous_1)
FN:29,(anonymous_2)
FN:37,(anonymous_3)
FN:55,(anonymous_4)
FN:76,(anonymous_5)
FN:88,(anonymous_6)
FN:92,(anonymous_7)
FN:113,(anonymous_8)
FN:132,(anonymous_9)
FNF:10
FNH:1
FNDA:3,(anonymous_0)
FNDA:0,(anonymous_1)
FNDA:0,(anonymous_2)
FNDA:0,(anonymous_3)
FNDA:0,(anonymous_4)
FNDA:0,(anonymous_5)
FNDA:0,(anonymous_6)
FNDA:0,(anonymous_7)
FNDA:0,(anonymous_8)
FNDA:0,(anonymous_9)
DA:1,3
DA:2,3
DA:4,3
DA:5,3
DA:6,3
DA:7,3
DA:8,3
DA:9,3
DA:11,3
DA:12,3
DA:18,0
DA:30,0
DA:38,0
DA:44,3
DA:56,0
DA:57,0
DA:60,0
DA:61,0
DA:63,0
DA:77,0
DA:78,0
DA:79,0
DA:88,0
DA:89,0
DA:91,0
DA:92,0
DA:93,0
DA:95,0
DA:102,0
DA:114,0
DA:115,0
DA:118,0
DA:121,0
DA:133,0
DA:134,0
DA:135,0
DA:141,3
LF:37
LH:12
BRDA:60,0,0,0
BRDA:60,0,1,0
BRDA:82,1,0,0
BRDA:82,1,1,0
BRDA:83,2,0,0
BRDA:83,2,1,0
BRDA:84,3,0,0
BRDA:84,3,1,0
BRDA:85,4,0,0
BRDA:85,4,1,0
BRDA:86,5,0,0
BRDA:86,5,1,0
BRDA:91,6,0,0
BRDA:91,6,1,0
BRF:14
BRH:0
end_of_record
TN:
SF:/media/hary/Hacktiv8/REPOD/backend/graphql/user.js
FNF:0
FNH:0
DA:7,3
DA:9,3
DA:23,3
DA:32,3
DA:41,3
DA:56,3
LF:6
LH:6
BRF:0
BRH:0
end_of_record
TN:
SF:/media/hary/Hacktiv8/REPOD/backend/helpers/scrapping.js
FN:6,(anonymous_0)
FN:12,(anonymous_1)
FN:16,(anonymous_2)
FN:20,(anonymous_3)
FN:25,(anonymous_4)
FN:26,(anonymous_5)
FN:27,(anonymous_6)
FN:28,(anonymous_7)
FN:29,(anonymous_8)
FN:36,(anonymous_9)
FN:43,(anonymous_10)
FN:45,(anonymous_11)
FN:51,(anonymous_12)
FN:59,(anonymous_13)
FNF:14
FNH:0
FNDA:0,(anonymous_0)
FNDA:0,(anonymous_1)
FNDA:0,(anonymous_2)
FNDA:0,(anonymous_3)
FNDA:0,(anonymous_4)
FNDA:0,(anonymous_5)
FNDA:0,(anonymous_6)
FNDA:0,(anonymous_7)
FNDA:0,(anonymous_8)
FNDA:0,(anonymous_9)
FNDA:0,(anonymous_10)
FNDA:0,(anonymous_11)
FNDA:0,(anonymous_12)
FNDA:0,(anonymous_13)
DA:1,3
DA:3,3
DA:4,3
DA:6,3
DA:8,0
DA:9,0
DA:10,0
DA:11,0
DA:12,0
DA:13,0
DA:16,0
DA:17,0
DA:21,0
DA:25,0
DA:26,0
DA:27,0
DA:28,0
DA:29,0
DA:30,0
DA:31,0
DA:32,0
DA:33,0
DA:37,0
DA:38,0
DA:44,0
DA:45,0
DA:46,0
DA:47,0
DA:52,0
DA:60,0
DA:65,3
LF:31
LH:5
BRDA:30,0,0,0
BRDA:30,0,1,0
BRDA:31,1,0,0
BRDA:31,1,1,0
BRDA:37,2,0,0
BRDA:37,2,1,0
BRF:6
BRH:0
end_of_record
TN:
SF:/media/hary/Hacktiv8/REPOD/backend/models/articleModel.js
FNF:0
FNH:0
DA:1,3
DA:2,3
DA:4,3
DA:21,3
DA:23,3
LF:5
LH:5
BRF:0
BRH:0
end_of_record
TN:
SF:/media/hary/Hacktiv8/REPOD/backend/models/conjuctionModel.js
FNF:0
FNH:0
DA:1,3
DA:2,3
DA:4,3
DA:17,3
DA:19,3
LF:5
LH:5
BRF:0
BRH:0
end_of_record
TN:
SF:/media/hary/Hacktiv8/REPOD/backend/models/userModel.js
FNF:0
FNH:0
DA:1,3
DA:2,3
DA:4,3
DA:27,3
DA:29,3
LF:5
LH:5
BRF:0
BRH:0
end_of_record
TN:
SF:/media/hary/Hacktiv8/REPOD/backend/routes/index.js
FN:6,(anonymous_0)
FNF:1
FNH:0
FNDA:0,(anonymous_0)
DA:1,3
DA:3,3
DA:4,3
DA:6,3
DA:7,0
DA:11,3
DA:14,3
DA:17,3
DA:20,3
DA:23,3
DA:25,3
LF:11
LH:10
BRF:0
BRH:0
end_of_record
